<?xml version="1.0" encoding="UTF-8"?>
<testsuites>
  <testsuite name="CodeIgniter Application Test Suite" tests="16" assertions="17" failures="3" errors="0" time="1.029639">
    <testsuite name="Bayi_test" file="C:\xampp\htdocs\posyandu\application\tests\controllers\Bayi_test.php" fullPackage="Bayi" tests="11" assertions="11" failures="2" errors="0" time="0.834773">
      <testcase name="test_index_bayi" class="Bayi_test" file="C:\xampp\htdocs\posyandu\application\tests\controllers\Bayi_test.php" line="13" assertions="1" time="0.148894"/>
      <testcase name="test_detail_bayi" class="Bayi_test" file="C:\xampp\htdocs\posyandu\application\tests\controllers\Bayi_test.php" line="20" assertions="1" time="0.068993">
        <failure type="PHPUnit_Framework_ExpectationFailedException">Bayi_test::test_detail_bayi
Failed asserting that '
A PHP Error was encountered

Severity:    Warning
Message:     Missing argument 1 for Bayi::detail()
Filename:    C:\xampp\htdocs\posyandu\application\controllers\Bayi.php
Line Number: 111

Backtrace:
	File: C:\xampp\htdocs\posyandu\application\controllers\Bayi.php
	Line: 111
	Function: _error_handler

	File: C:\xampp\htdocs\posyandu\application\tests\_ci_phpunit_test\CIPHPUnitTestRequest.php
	Line: 348
	Function: call_user_func_array

	File: C:\xampp\htdocs\posyandu\application\tests\_ci_phpunit_test\CIPHPUnitTestRequest.php
	Line: 282
	Function: createAndCallController

	File: C:\xampp\htdocs\posyandu\application\tests\_ci_phpunit_test\CIPHPUnitTestRequest.php
	Line: 151
	Function: requestUri

	File: C:\xampp\htdocs\posyandu\application\tests\_ci_phpunit_test\CIPHPUnitTestCase.php
	Line: 183
	Function: request

	File: C:\xampp\htdocs\posyandu\application\tests\controllers\Bayi_test.php
	Line: 23
	Function: request

	File: C:\xampp\php\pear\PHPUnit\Framework\TestCase.php
	Line: 976
	Function: invokeArgs

	File: C:\xampp\php\pear\PHPUnit\Framework\TestCase.php
	Line: 831
	Function: runTest

	File: C:\xampp\php\pear\PHPUnit\Framework\TestResult.php
	Line: 648
	Function: runBare

	File: C:\xampp\php\pear\PHPUnit\Framework\TestCase.php
	Line: 776
	Function: run

	File: C:\xampp\php\pear\PHPUnit\Framework\TestSuite.php
	Line: 775
	Function: run

	File: C:\xampp\php\pear\PHPUnit\Framework\TestSuite.php
	Line: 745
	Function: runTest

	File: C:\xampp\php\pear\PHPUnit\Framework\TestSuite.php
	Line: 705
	Function: run

	File: C:\xampp\php\pear\PHPUnit\TextUI\TestRunner.php
	Line: 349
	Function: run

	File: C:\xampp\php\pear\PHPUnit\TextUI\Command.php
	Line: 176
	Function: doRun

	File: C:\xampp\php\pear\PHPUnit\TextUI\Command.php
	Line: 129
	Function: run

	File: C:\xampp\php\phpunit
	Line: 46
	Function: main



A PHP Error was encountered

Severity:    Notice
Message:     Undefined variable: idBalita
Filename:    C:\xampp\htdocs\posyandu\application\controllers\Bayi.php
Line Number: 112

Backtrace:
	File: C:\xampp\htdocs\posyandu\application\controllers\Bayi.php
	Line: 112
	Function: _error_handler

	File: C:\xampp\htdocs\posyandu\application\tests\_ci_phpunit_test\CIPHPUnitTestRequest.php
	Line: 348
	Function: call_user_func_array

	File: C:\xampp\htdocs\posyandu\application\tests\_ci_phpunit_test\CIPHPUnitTestRequest.php
	Line: 282
	Function: createAndCallController

	File: C:\xampp\htdocs\posyandu\application\tests\_ci_phpunit_test\CIPHPUnitTestRequest.php
	Line: 151
	Function: requestUri

	File: C:\xampp\htdocs\posyandu\application\tests\_ci_phpunit_test\CIPHPUnitTestCase.php
	Line: 183
	Function: request

	File: C:\xampp\htdocs\posyandu\application\tests\controllers\Bayi_test.php
	Line: 23
	Function: request

	File: C:\xampp\php\pear\PHPUnit\Framework\TestCase.php
	Line: 976
	Function: invokeArgs

	File: C:\xampp\php\pear\PHPUnit\Framework\TestCase.php
	Line: 831
	Function: runTest

	File: C:\xampp\php\pear\PHPUnit\Framework\TestResult.php
	Line: 648
	Function: runBare

	File: C:\xampp\php\pear\PHPUnit\Framework\TestCase.php
	Line: 776
	Function: run

	File: C:\xampp\php\pear\PHPUnit\Framework\TestSuite.php
	Line: 775
	Function: run

	File: C:\xampp\php\pear\PHPUnit\Framework\TestSuite.php
	Line: 745
	Function: runTest

	File: C:\xampp\php\pear\PHPUnit\Framework\TestSuite.php
	Line: 705
	Function: run

	File: C:\xampp\php\pear\PHPUnit\TextUI\TestRunner.php
	Line: 349
	Function: run

	File: C:\xampp\php\pear\PHPUnit\TextUI\Command.php
	Line: 176
	Function: doRun

	File: C:\xampp\php\pear\PHPUnit\TextUI\Command.php
	Line: 129
	Function: run

	File: C:\xampp\php\phpunit
	Line: 46
	Function: main



A PHP Error was encountered

Severity:    Notice
Message:     Undefined offset: 0
Filename:    C:\xampp\htdocs\posyandu\application\controllers\Bayi.php
Line Number: 85

Backtrace:
	File: C:\xampp\htdocs\posyandu\application\controllers\Bayi.php
	Line: 85
	Function: _error_handler

	File: C:\xampp\htdocs\posyandu\application\controllers\Bayi.php
	Line: 112
	Function: informasiBayi

	File: C:\xampp\htdocs\posyandu\application\tests\_ci_phpunit_test\CIPHPUnitTestRequest.php
	Line: 348
	Function: call_user_func_array

	File: C:\xampp\htdocs\posyandu\application\tests\_ci_phpunit_test\CIPHPUnitTestRequest.php
	Line: 282
	Function: createAndCallController

	File: C:\xampp\htdocs\posyandu\application\tests\_ci_phpunit_test\CIPHPUnitTestRequest.php
	Line: 151
	Function: requestUri

	File: C:\xampp\htdocs\posyandu\application\tests\_ci_phpunit_test\CIPHPUnitTestCase.php
	Line: 183
	Function: request

	File: C:\xampp\htdocs\posyandu\application\tests\controllers\Bayi_test.php
	Line: 23
	Function: request

	File: C:\xampp\php\pear\PHPUnit\Framework\TestCase.php
	Line: 976
	Function: invokeArgs

	File: C:\xampp\php\pear\PHPUnit\Framework\TestCase.php
	Line: 831
	Function: runTest

	File: C:\xampp\php\pear\PHPUnit\Framework\TestResult.php
	Line: 648
	Function: runBare

	File: C:\xampp\php\pear\PHPUnit\Framework\TestCase.php
	Line: 776
	Function: run

	File: C:\xampp\php\pear\PHPUnit\Framework\TestSuite.php
	Line: 775
	Function: run

	File: C:\xampp\php\pear\PHPUnit\Framework\TestSuite.php
	Line: 745
	Function: runTest

	File: C:\xampp\php\pear\PHPUnit\Framework\TestSuite.php
	Line: 705
	Function: run

	File: C:\xampp\php\pear\PHPUnit\TextUI\TestRunner.php
	Line: 349
	Function: run

	File: C:\xampp\php\pear\PHPUnit\TextUI\Command.php
	Line: 176
	Function: doRun

	File: C:\xampp\php\pear\PHPUnit\TextUI\Command.php
	Line: 129
	Function: run

	File: C:\xampp\php\phpunit
	Line: 46
	Function: main



A PHP Error was encountered

Severity:    Notice
Message:     Undefined offset: 0
Filename:    C:\xampp\htdocs\posyandu\application\controllers\Bayi.php
Line Number: 86

Backtrace:
	File: C:\xampp\htdocs\posyandu\application\controllers\Bayi.php
	Line: 86
	Function: _error_handler

	File: C:\xampp\htdocs\posyandu\application\controllers\Bayi.php
	Line: 112
	Function: informasiBayi

	File: C:\xampp\htdocs\posyandu\application\tests\_ci_phpunit_test\CIPHPUnitTestRequest.php
	Line: 348
	Function: call_user_func_array

	File: C:\xampp\htdocs\posyandu\application\tests\_ci_phpunit_test\CIPHPUnitTestRequest.php
	Line: 282
	Function: createAndCallController

	File: C:\xampp\htdocs\posyandu\application\tests\_ci_phpunit_test\CIPHPUnitTestRequest.php
	Line: 151
	Function: requestUri

	File: C:\xampp\htdocs\posyandu\application\tests\_ci_phpunit_test\CIPHPUnitTestCase.php
	Line: 183
	Function: request

	File: C:\xampp\htdocs\posyandu\application\tests\controllers\Bayi_test.php
	Line: 23
	Function: request

	File: C:\xampp\php\pear\PHPUnit\Framework\TestCase.php
	Line: 976
	Function: invokeArgs

	File: C:\xampp\php\pear\PHPUnit\Framework\TestCase.php
	Line: 831
	Function: runTest

	File: C:\xampp\php\pear\PHPUnit\Framework\TestResult.php
	Line: 648
	Function: runBare

	File: C:\xampp\php\pear\PHPUnit\Framework\TestCase.php
	Line: 776
	Function: run

	File: C:\xampp\php\pear\PHPUnit\Framework\TestSuite.php
	Line: 775
	Function: run

	File: C:\xampp\php\pear\PHPUnit\Framework\TestSuite.php
	Line: 745
	Function: runTest

	File: C:\xampp\php\pear\PHPUnit\Framework\TestSuite.php
	Line: 705
	Function: run

	File: C:\xampp\php\pear\PHPUnit\TextUI\TestRunner.php
	Line: 349
	Function: run

	File: C:\xampp\php\pear\PHPUnit\TextUI\Command.php
	Line: 176
	Function: doRun

	File: C:\xampp\php\pear\PHPUnit\TextUI\Command.php
	Line: 129
	Function: run

	File: C:\xampp\php\phpunit
	Line: 46
	Function: main



A PHP Error was encountered

Severity:    Notice
Message:     Undefined offset: 0
Filename:    C:\xampp\htdocs\posyandu\application\controllers\Bayi.php
Line Number: 100

Backtrace:
	File: C:\xampp\htdocs\posyandu\application\controllers\Bayi.php
	Line: 100
	Function: _error_handler

	File: C:\xampp\htdocs\posyandu\application\controllers\Bayi.php
	Line: 112
	Function: informasiBayi

	File: C:\xampp\htdocs\posyandu\application\tests\_ci_phpunit_test\CIPHPUnitTestRequest.php
	Line: 348
	Function: call_user_func_array

	File: C:\xampp\htdocs\posyandu\application\tests\_ci_phpunit_test\CIPHPUnitTestRequest.php
	Line: 282
	Function: createAndCallController

	File: C:\xampp\htdocs\posyandu\application\tests\_ci_phpunit_test\CIPHPUnitTestRequest.php
	Line: 151
	Function: requestUri

	File: C:\xampp\htdocs\posyandu\application\tests\_ci_phpunit_test\CIPHPUnitTestCase.php
	Line: 183
	Function: request

	File: C:\xampp\htdocs\posyandu\application\tests\controllers\Bayi_test.php
	Line: 23
	Function: request

	File: C:\xampp\php\pear\PHPUnit\Framework\TestCase.php
	Line: 976
	Function: invokeArgs

	File: C:\xampp\php\pear\PHPUnit\Framework\TestCase.php
	Line: 831
	Function: runTest

	File: C:\xampp\php\pear\PHPUnit\Framework\TestResult.php
	Line: 648
	Function: runBare

	File: C:\xampp\php\pear\PHPUnit\Framework\TestCase.php
	Line: 776
	Function: run

	File: C:\xampp\php\pear\PHPUnit\Framework\TestSuite.php
	Line: 775
	Function: run

	File: C:\xampp\php\pear\PHPUnit\Framework\TestSuite.php
	Line: 745
	Function: runTest

	File: C:\xampp\php\pear\PHPUnit\Framework\TestSuite.php
	Line: 705
	Function: run

	File: C:\xampp\php\pear\PHPUnit\TextUI\TestRunner.php
	Line: 349
	Function: run

	File: C:\xampp\php\pear\PHPUnit\TextUI\Command.php
	Line: 176
	Function: doRun

	File: C:\xampp\php\pear\PHPUnit\TextUI\Command.php
	Line: 129
	Function: run

	File: C:\xampp\php\phpunit
	Line: 46
	Function: main



A PHP Error was encountered

Severity:    Notice
Message:     Undefined offset: 0
Filename:    C:\xampp\htdocs\posyandu\application\controllers\Bayi.php
Line Number: 100

Backtrace:
	File: C:\xampp\htdocs\posyandu\application\controllers\Bayi.php
	Line: 100
	Function: _error_handler

	File: C:\xampp\htdocs\posyandu\application\controllers\Bayi.php
	Line: 112
	Function: informasiBayi

	File: C:\xampp\htdocs\posyandu\application\tests\_ci_phpunit_test\CIPHPUnitTestRequest.php
	Line: 348
	Function: call_user_func_array

	File: C:\xampp\htdocs\posyandu\application\tests\_ci_phpunit_test\CIPHPUnitTestRequest.php
	Line: 282
	Function: createAndCallController

	File: C:\xampp\htdocs\posyandu\application\tests\_ci_phpunit_test\CIPHPUnitTestRequest.php
	Line: 151
	Function: requestUri

	File: C:\xampp\htdocs\posyandu\application\tests\_ci_phpunit_test\CIPHPUnitTestCase.php
	Line: 183
	Function: request

	File: C:\xampp\htdocs\posyandu\application\tests\controllers\Bayi_test.php
	Line: 23
	Function: request

	File: C:\xampp\php\pear\PHPUnit\Framework\TestCase.php
	Line: 976
	Function: invokeArgs

	File: C:\xampp\php\pear\PHPUnit\Framework\TestCase.php
	Line: 831
	Function: runTest

	File: C:\xampp\php\pear\PHPUnit\Framework\TestResult.php
	Line: 648
	Function: runBare

	File: C:\xampp\php\pear\PHPUnit\Framework\TestCase.php
	Line: 776
	Function: run

	File: C:\xampp\php\pear\PHPUnit\Framework\TestSuite.php
	Line: 775
	Function: run

	File: C:\xampp\php\pear\PHPUnit\Framework\TestSuite.php
	Line: 745
	Function: runTest

	File: C:\xampp\php\pear\PHPUnit\Framework\TestSuite.php
	Line: 705
	Function: run

	File: C:\xampp\php\pear\PHPUnit\TextUI\TestRunner.php
	Line: 349
	Function: run

	File: C:\xampp\php\pear\PHPUnit\TextUI\Command.php
	Line: 176
	Function: doRun

	File: C:\xampp\php\pear\PHPUnit\TextUI\Command.php
	Line: 129
	Function: run

	File: C:\xampp\php\phpunit
	Line: 46
	Function: main



A PHP Error was encountered

Severity:    Notice
Message:     Undefined offset: 0
Filename:    C:\xampp\htdocs\posyandu\application\controllers\Bayi.php
Line Number: 101

Backtrace:
	File: C:\xampp\htdocs\posyandu\application\controllers\Bayi.php
	Line: 101
	Function: _error_handler

	File: C:\xampp\htdocs\posyandu\application\controllers\Bayi.php
	Line: 112
	Function: informasiBayi

	File: C:\xampp\htdocs\posyandu\application\tests\_ci_phpunit_test\CIPHPUnitTestRequest.php
	Line: 348
	Function: call_user_func_array

	File: C:\xampp\htdocs\posyandu\application\tests\_ci_phpunit_test\CIPHPUnitTestRequest.php
	Line: 282
	Function: createAndCallController

	File: C:\xampp\htdocs\posyandu\application\tests\_ci_phpunit_test\CIPHPUnitTestRequest.php
	Line: 151
	Function: requestUri

	File: C:\xampp\htdocs\posyandu\application\tests\_ci_phpunit_test\CIPHPUnitTestCase.php
	Line: 183
	Function: request

	File: C:\xampp\htdocs\posyandu\application\tests\controllers\Bayi_test.php
	Line: 23
	Function: request

	File: C:\xampp\php\pear\PHPUnit\Framework\TestCase.php
	Line: 976
	Function: invokeArgs

	File: C:\xampp\php\pear\PHPUnit\Framework\TestCase.php
	Line: 831
	Function: runTest

	File: C:\xampp\php\pear\PHPUnit\Framework\TestResult.php
	Line: 648
	Function: runBare

	File: C:\xampp\php\pear\PHPUnit\Framework\TestCase.php
	Line: 776
	Function: run

	File: C:\xampp\php\pear\PHPUnit\Framework\TestSuite.php
	Line: 775
	Function: run

	File: C:\xampp\php\pear\PHPUnit\Framework\TestSuite.php
	Line: 745
	Function: runTest

	File: C:\xampp\php\pear\PHPUnit\Framework\TestSuite.php
	Line: 705
	Function: run

	File: C:\xampp\php\pear\PHPUnit\TextUI\TestRunner.php
	Line: 349
	Function: run

	File: C:\xampp\php\pear\PHPUnit\TextUI\Command.php
	Line: 176
	Function: doRun

	File: C:\xampp\php\pear\PHPUnit\TextUI\Command.php
	Line: 129
	Function: run

	File: C:\xampp\php\phpunit
	Line: 46
	Function: main



A PHP Error was encountered

Severity:    Notice
Message:     Undefined offset: 0
Filename:    C:\xampp\htdocs\posyandu\application\controllers\Bayi.php
Line Number: 101

Backtrace:
	File: C:\xampp\htdocs\posyandu\application\controllers\Bayi.php
	Line: 101
	Function: _error_handler

	File: C:\xampp\htdocs\posyandu\application\controllers\Bayi.php
	Line: 112
	Function: informasiBayi

	File: C:\xampp\htdocs\posyandu\application\tests\_ci_phpunit_test\CIPHPUnitTestRequest.php
	Line: 348
	Function: call_user_func_array

	File: C:\xampp\htdocs\posyandu\application\tests\_ci_phpunit_test\CIPHPUnitTestRequest.php
	Line: 282
	Function: createAndCallController

	File: C:\xampp\htdocs\posyandu\application\tests\_ci_phpunit_test\CIPHPUnitTestRequest.php
	Line: 151
	Function: requestUri

	File: C:\xampp\htdocs\posyandu\application\tests\_ci_phpunit_test\CIPHPUnitTestCase.php
	Line: 183
	Function: request

	File: C:\xampp\htdocs\posyandu\application\tests\controllers\Bayi_test.php
	Line: 23
	Function: request

	File: C:\xampp\php\pear\PHPUnit\Framework\TestCase.php
	Line: 976
	Function: invokeArgs

	File: C:\xampp\php\pear\PHPUnit\Framework\TestCase.php
	Line: 831
	Function: runTest

	File: C:\xampp\php\pear\PHPUnit\Framework\TestResult.php
	Line: 648
	Function: runBare

	File: C:\xampp\php\pear\PHPUnit\Framework\TestCase.php
	Line: 776
	Function: run

	File: C:\xampp\php\pear\PHPUnit\Framework\TestSuite.php
	Line: 775
	Function: run

	File: C:\xampp\php\pear\PHPUnit\Framework\TestSuite.php
	Line: 745
	Function: runTest

	File: C:\xampp\php\pear\PHPUnit\Framework\TestSuite.php
	Line: 705
	Function: run

	File: C:\xampp\php\pear\PHPUnit\TextUI\TestRunner.php
	Line: 349
	Function: run

	File: C:\xampp\php\pear\PHPUnit\TextUI\Command.php
	Line: 176
	Function: doRun

	File: C:\xampp\php\pear\PHPUnit\TextUI\Command.php
	Line: 129
	Function: run

	File: C:\xampp\php\phpunit
	Line: 46
	Function: main



A PHP Error was encountered

Severity:    Notice
Message:     Undefined offset: 0
Filename:    C:\xampp\htdocs\posyandu\application\controllers\Bayi.php
Line Number: 102

Backtrace:
	File: C:\xampp\htdocs\posyandu\application\controllers\Bayi.php
	Line: 102
	Function: _error_handler

	File: C:\xampp\htdocs\posyandu\application\controllers\Bayi.php
	Line: 112
	Function: informasiBayi

	File: C:\xampp\htdocs\posyandu\application\tests\_ci_phpunit_test\CIPHPUnitTestRequest.php
	Line: 348
	Function: call_user_func_array

	File: C:\xampp\htdocs\posyandu\application\tests\_ci_phpunit_test\CIPHPUnitTestRequest.php
	Line: 282
	Function: createAndCallController

	File: C:\xampp\htdocs\posyandu\application\tests\_ci_phpunit_test\CIPHPUnitTestRequest.php
	Line: 151
	Function: requestUri

	File: C:\xampp\htdocs\posyandu\application\tests\_ci_phpunit_test\CIPHPUnitTestCase.php
	Line: 183
	Function: request

	File: C:\xampp\htdocs\posyandu\application\tests\controllers\Bayi_test.php
	Line: 23
	Function: request

	File: C:\xampp\php\pear\PHPUnit\Framework\TestCase.php
	Line: 976
	Function: invokeArgs

	File: C:\xampp\php\pear\PHPUnit\Framework\TestCase.php
	Line: 831
	Function: runTest

	File: C:\xampp\php\pear\PHPUnit\Framework\TestResult.php
	Line: 648
	Function: runBare

	File: C:\xampp\php\pear\PHPUnit\Framework\TestCase.php
	Line: 776
	Function: run

	File: C:\xampp\php\pear\PHPUnit\Framework\TestSuite.php
	Line: 775
	Function: run

	File: C:\xampp\php\pear\PHPUnit\Framework\TestSuite.php
	Line: 745
	Function: runTest

	File: C:\xampp\php\pear\PHPUnit\Framework\TestSuite.php
	Line: 705
	Function: run

	File: C:\xampp\php\pear\PHPUnit\TextUI\TestRunner.php
	Line: 349
	Function: run

	File: C:\xampp\php\pear\PHPUnit\TextUI\Command.php
	Line: 176
	Function: doRun

	File: C:\xampp\php\pear\PHPUnit\TextUI\Command.php
	Line: 129
	Function: run

	File: C:\xampp\php\phpunit
	Line: 46
	Function: main



A PHP Error was encountered

Severity:    Notice
Message:     Undefined offset: 0
Filename:    C:\xampp\htdocs\posyandu\application\controllers\Bayi.php
Line Number: 102

Backtrace:
	File: C:\xampp\htdocs\posyandu\application\controllers\Bayi.php
	Line: 102
	Function: _error_handler

	File: C:\xampp\htdocs\posyandu\application\controllers\Bayi.php
	Line: 112
	Function: informasiBayi

	File: C:\xampp\htdocs\posyandu\application\tests\_ci_phpunit_test\CIPHPUnitTestRequest.php
	Line: 348
	Function: call_user_func_array

	File: C:\xampp\htdocs\posyandu\application\tests\_ci_phpunit_test\CIPHPUnitTestRequest.php
	Line: 282
	Function: createAndCallController

	File: C:\xampp\htdocs\posyandu\application\tests\_ci_phpunit_test\CIPHPUnitTestRequest.php
	Line: 151
	Function: requestUri

	File: C:\xampp\htdocs\posyandu\application\tests\_ci_phpunit_test\CIPHPUnitTestCase.php
	Line: 183
	Function: request

	File: C:\xampp\htdocs\posyandu\application\tests\controllers\Bayi_test.php
	Line: 23
	Function: request

	File: C:\xampp\php\pear\PHPUnit\Framework\TestCase.php
	Line: 976
	Function: invokeArgs

	File: C:\xampp\php\pear\PHPUnit\Framework\TestCase.php
	Line: 831
	Function: runTest

	File: C:\xampp\php\pear\PHPUnit\Framework\TestResult.php
	Line: 648
	Function: runBare

	File: C:\xampp\php\pear\PHPUnit\Framework\TestCase.php
	Line: 776
	Function: run

	File: C:\xampp\php\pear\PHPUnit\Framework\TestSuite.php
	Line: 775
	Function: run

	File: C:\xampp\php\pear\PHPUnit\Framework\TestSuite.php
	Line: 745
	Function: runTest

	File: C:\xampp\php\pear\PHPUnit\Framework\TestSuite.php
	Line: 705
	Function: run

	File: C:\xampp\php\pear\PHPUnit\TextUI\TestRunner.php
	Line: 349
	Function: run

	File: C:\xampp\php\pear\PHPUnit\TextUI\Command.php
	Line: 176
	Function: doRun

	File: C:\xampp\php\pear\PHPUnit\TextUI\Command.php
	Line: 129
	Function: run

	File: C:\xampp\php\phpunit
	Line: 46
	Function: main



A PHP Error was encountered

Severity:    Notice
Message:     Undefined offset: 0
Filename:    C:\xampp\htdocs\posyandu\application\controllers\Bayi.php
Line Number: 103

Backtrace:
	File: C:\xampp\htdocs\posyandu\application\controllers\Bayi.php
	Line: 103
	Function: _error_handler

	File: C:\xampp\htdocs\posyandu\application\controllers\Bayi.php
	Line: 112
	Function: informasiBayi

	File: C:\xampp\htdocs\posyandu\application\tests\_ci_phpunit_test\CIPHPUnitTestRequest.php
	Line: 348
	Function: call_user_func_array

	File: C:\xampp\htdocs\posyandu\application\tests\_ci_phpunit_test\CIPHPUnitTestRequest.php
	Line: 282
	Function: createAndCallController

	File: C:\xampp\htdocs\posyandu\application\tests\_ci_phpunit_test\CIPHPUnitTestRequest.php
	Line: 151
	Function: requestUri

	File: C:\xampp\htdocs\posyandu\application\tests\_ci_phpunit_test\CIPHPUnitTestCase.php
	Line: 183
	Function: request

	File: C:\xampp\htdocs\posyandu\application\tests\controllers\Bayi_test.php
	Line: 23
	Function: request

	File: C:\xampp\php\pear\PHPUnit\Framework\TestCase.php
	Line: 976
	Function: invokeArgs

	File: C:\xampp\php\pear\PHPUnit\Framework\TestCase.php
	Line: 831
	Function: runTest

	File: C:\xampp\php\pear\PHPUnit\Framework\TestResult.php
	Line: 648
	Function: runBare

	File: C:\xampp\php\pear\PHPUnit\Framework\TestCase.php
	Line: 776
	Function: run

	File: C:\xampp\php\pear\PHPUnit\Framework\TestSuite.php
	Line: 775
	Function: run

	File: C:\xampp\php\pear\PHPUnit\Framework\TestSuite.php
	Line: 745
	Function: runTest

	File: C:\xampp\php\pear\PHPUnit\Framework\TestSuite.php
	Line: 705
	Function: run

	File: C:\xampp\php\pear\PHPUnit\TextUI\TestRunner.php
	Line: 349
	Function: run

	File: C:\xampp\php\pear\PHPUnit\TextUI\Command.php
	Line: 176
	Function: doRun

	File: C:\xampp\php\pear\PHPUnit\TextUI\Command.php
	Line: 129
	Function: run

	File: C:\xampp\php\phpunit
	Line: 46
	Function: main



A PHP Error was encountered

Severity:    Notice
Message:     Undefined offset: 0
Filename:    C:\xampp\htdocs\posyandu\application\controllers\Bayi.php
Line Number: 103

Backtrace:
	File: C:\xampp\htdocs\posyandu\application\controllers\Bayi.php
	Line: 103
	Function: _error_handler

	File: C:\xampp\htdocs\posyandu\application\controllers\Bayi.php
	Line: 112
	Function: informasiBayi

	File: C:\xampp\htdocs\posyandu\application\tests\_ci_phpunit_test\CIPHPUnitTestRequest.php
	Line: 348
	Function: call_user_func_array

	File: C:\xampp\htdocs\posyandu\application\tests\_ci_phpunit_test\CIPHPUnitTestRequest.php
	Line: 282
	Function: createAndCallController

	File: C:\xampp\htdocs\posyandu\application\tests\_ci_phpunit_test\CIPHPUnitTestRequest.php
	Line: 151
	Function: requestUri

	File: C:\xampp\htdocs\posyandu\application\tests\_ci_phpunit_test\CIPHPUnitTestCase.php
	Line: 183
	Function: request

	File: C:\xampp\htdocs\posyandu\application\tests\controllers\Bayi_test.php
	Line: 23
	Function: request

	File: C:\xampp\php\pear\PHPUnit\Framework\TestCase.php
	Line: 976
	Function: invokeArgs

	File: C:\xampp\php\pear\PHPUnit\Framework\TestCase.php
	Line: 831
	Function: runTest

	File: C:\xampp\php\pear\PHPUnit\Framework\TestResult.php
	Line: 648
	Function: runBare

	File: C:\xampp\php\pear\PHPUnit\Framework\TestCase.php
	Line: 776
	Function: run

	File: C:\xampp\php\pear\PHPUnit\Framework\TestSuite.php
	Line: 775
	Function: run

	File: C:\xampp\php\pear\PHPUnit\Framework\TestSuite.php
	Line: 745
	Function: runTest

	File: C:\xampp\php\pear\PHPUnit\Framework\TestSuite.php
	Line: 705
	Function: run

	File: C:\xampp\php\pear\PHPUnit\TextUI\TestRunner.php
	Line: 349
	Function: run

	File: C:\xampp\php\pear\PHPUnit\TextUI\Command.php
	Line: 176
	Function: doRun

	File: C:\xampp\php\pear\PHPUnit\TextUI\Command.php
	Line: 129
	Function: run

	File: C:\xampp\php\phpunit
	Line: 46
	Function: main



A PHP Error was encountered

Severity:    Notice
Message:     Undefined offset: 0
Filename:    C:\xampp\htdocs\posyandu\application\controllers\Bayi.php
Line Number: 104

Backtrace:
	File: C:\xampp\htdocs\posyandu\application\controllers\Bayi.php
	Line: 104
	Function: _error_handler

	File: C:\xampp\htdocs\posyandu\application\controllers\Bayi.php
	Line: 112
	Function: informasiBayi

	File: C:\xampp\htdocs\posyandu\application\tests\_ci_phpunit_test\CIPHPUnitTestRequest.php
	Line: 348
	Function: call_user_func_array

	File: C:\xampp\htdocs\posyandu\application\tests\_ci_phpunit_test\CIPHPUnitTestRequest.php
	Line: 282
	Function: createAndCallController

	File: C:\xampp\htdocs\posyandu\application\tests\_ci_phpunit_test\CIPHPUnitTestRequest.php
	Line: 151
	Function: requestUri

	File: C:\xampp\htdocs\posyandu\application\tests\_ci_phpunit_test\CIPHPUnitTestCase.php
	Line: 183
	Function: request

	File: C:\xampp\htdocs\posyandu\application\tests\controllers\Bayi_test.php
	Line: 23
	Function: request

	File: C:\xampp\php\pear\PHPUnit\Framework\TestCase.php
	Line: 976
	Function: invokeArgs

	File: C:\xampp\php\pear\PHPUnit\Framework\TestCase.php
	Line: 831
	Function: runTest

	File: C:\xampp\php\pear\PHPUnit\Framework\TestResult.php
	Line: 648
	Function: runBare

	File: C:\xampp\php\pear\PHPUnit\Framework\TestCase.php
	Line: 776
	Function: run

	File: C:\xampp\php\pear\PHPUnit\Framework\TestSuite.php
	Line: 775
	Function: run

	File: C:\xampp\php\pear\PHPUnit\Framework\TestSuite.php
	Line: 745
	Function: runTest

	File: C:\xampp\php\pear\PHPUnit\Framework\TestSuite.php
	Line: 705
	Function: run

	File: C:\xampp\php\pear\PHPUnit\TextUI\TestRunner.php
	Line: 349
	Function: run

	File: C:\xampp\php\pear\PHPUnit\TextUI\Command.php
	Line: 176
	Function: doRun

	File: C:\xampp\php\pear\PHPUnit\TextUI\Command.php
	Line: 129
	Function: run

	File: C:\xampp\php\phpunit
	Line: 46
	Function: main



A PHP Error was encountered

Severity:    Notice
Message:     Undefined offset: 0
Filename:    C:\xampp\htdocs\posyandu\application\controllers\Bayi.php
Line Number: 104

Backtrace:
	File: C:\xampp\htdocs\posyandu\application\controllers\Bayi.php
	Line: 104
	Function: _error_handler

	File: C:\xampp\htdocs\posyandu\application\controllers\Bayi.php
	Line: 112
	Function: informasiBayi

	File: C:\xampp\htdocs\posyandu\application\tests\_ci_phpunit_test\CIPHPUnitTestRequest.php
	Line: 348
	Function: call_user_func_array

	File: C:\xampp\htdocs\posyandu\application\tests\_ci_phpunit_test\CIPHPUnitTestRequest.php
	Line: 282
	Function: createAndCallController

	File: C:\xampp\htdocs\posyandu\application\tests\_ci_phpunit_test\CIPHPUnitTestRequest.php
	Line: 151
	Function: requestUri

	File: C:\xampp\htdocs\posyandu\application\tests\_ci_phpunit_test\CIPHPUnitTestCase.php
	Line: 183
	Function: request

	File: C:\xampp\htdocs\posyandu\application\tests\controllers\Bayi_test.php
	Line: 23
	Function: request

	File: C:\xampp\php\pear\PHPUnit\Framework\TestCase.php
	Line: 976
	Function: invokeArgs

	File: C:\xampp\php\pear\PHPUnit\Framework\TestCase.php
	Line: 831
	Function: runTest

	File: C:\xampp\php\pear\PHPUnit\Framework\TestResult.php
	Line: 648
	Function: runBare

	File: C:\xampp\php\pear\PHPUnit\Framework\TestCase.php
	Line: 776
	Function: run

	File: C:\xampp\php\pear\PHPUnit\Framework\TestSuite.php
	Line: 775
	Function: run

	File: C:\xampp\php\pear\PHPUnit\Framework\TestSuite.php
	Line: 745
	Function: runTest

	File: C:\xampp\php\pear\PHPUnit\Framework\TestSuite.php
	Line: 705
	Function: run

	File: C:\xampp\php\pear\PHPUnit\TextUI\TestRunner.php
	Line: 349
	Function: run

	File: C:\xampp\php\pear\PHPUnit\TextUI\Command.php
	Line: 176
	Function: doRun

	File: C:\xampp\php\pear\PHPUnit\TextUI\Command.php
	Line: 129
	Function: run

	File: C:\xampp\php\phpunit
	Line: 46
	Function: main



A PHP Error was encountered

Severity:    Notice
Message:     Undefined offset: 0
Filename:    C:\xampp\htdocs\posyandu\application\controllers\Bayi.php
Line Number: 106

Backtrace:
	File: C:\xampp\htdocs\posyandu\application\controllers\Bayi.php
	Line: 106
	Function: _error_handler

	File: C:\xampp\htdocs\posyandu\application\controllers\Bayi.php
	Line: 112
	Function: informasiBayi

	File: C:\xampp\htdocs\posyandu\application\tests\_ci_phpunit_test\CIPHPUnitTestRequest.php
	Line: 348
	Function: call_user_func_array

	File: C:\xampp\htdocs\posyandu\application\tests\_ci_phpunit_test\CIPHPUnitTestRequest.php
	Line: 282
	Function: createAndCallController

	File: C:\xampp\htdocs\posyandu\application\tests\_ci_phpunit_test\CIPHPUnitTestRequest.php
	Line: 151
	Function: requestUri

	File: C:\xampp\htdocs\posyandu\application\tests\_ci_phpunit_test\CIPHPUnitTestCase.php
	Line: 183
	Function: request

	File: C:\xampp\htdocs\posyandu\application\tests\controllers\Bayi_test.php
	Line: 23
	Function: request

	File: C:\xampp\php\pear\PHPUnit\Framework\TestCase.php
	Line: 976
	Function: invokeArgs

	File: C:\xampp\php\pear\PHPUnit\Framework\TestCase.php
	Line: 831
	Function: runTest

	File: C:\xampp\php\pear\PHPUnit\Framework\TestResult.php
	Line: 648
	Function: runBare

	File: C:\xampp\php\pear\PHPUnit\Framework\TestCase.php
	Line: 776
	Function: run

	File: C:\xampp\php\pear\PHPUnit\Framework\TestSuite.php
	Line: 775
	Function: run

	File: C:\xampp\php\pear\PHPUnit\Framework\TestSuite.php
	Line: 745
	Function: runTest

	File: C:\xampp\php\pear\PHPUnit\Framework\TestSuite.php
	Line: 705
	Function: run

	File: C:\xampp\php\pear\PHPUnit\TextUI\TestRunner.php
	Line: 349
	Function: run

	File: C:\xampp\php\pear\PHPUnit\TextUI\Command.php
	Line: 176
	Function: doRun

	File: C:\xampp\php\pear\PHPUnit\TextUI\Command.php
	Line: 129
	Function: run

	File: C:\xampp\php\phpunit
	Line: 46
	Function: main



A PHP Error was encountered

Severity:    Notice
Message:     Undefined offset: 0
Filename:    C:\xampp\htdocs\posyandu\application\controllers\Bayi.php
Line Number: 106

Backtrace:
	File: C:\xampp\htdocs\posyandu\application\controllers\Bayi.php
	Line: 106
	Function: _error_handler

	File: C:\xampp\htdocs\posyandu\application\controllers\Bayi.php
	Line: 112
	Function: informasiBayi

	File: C:\xampp\htdocs\posyandu\application\tests\_ci_phpunit_test\CIPHPUnitTestRequest.php
	Line: 348
	Function: call_user_func_array

	File: C:\xampp\htdocs\posyandu\application\tests\_ci_phpunit_test\CIPHPUnitTestRequest.php
	Line: 282
	Function: createAndCallController

	File: C:\xampp\htdocs\posyandu\application\tests\_ci_phpunit_test\CIPHPUnitTestRequest.php
	Line: 151
	Function: requestUri

	File: C:\xampp\htdocs\posyandu\application\tests\_ci_phpunit_test\CIPHPUnitTestCase.php
	Line: 183
	Function: request

	File: C:\xampp\htdocs\posyandu\application\tests\controllers\Bayi_test.php
	Line: 23
	Function: request

	File: C:\xampp\php\pear\PHPUnit\Framework\TestCase.php
	Line: 976
	Function: invokeArgs

	File: C:\xampp\php\pear\PHPUnit\Framework\TestCase.php
	Line: 831
	Function: runTest

	File: C:\xampp\php\pear\PHPUnit\Framework\TestResult.php
	Line: 648
	Function: runBare

	File: C:\xampp\php\pear\PHPUnit\Framework\TestCase.php
	Line: 776
	Function: run

	File: C:\xampp\php\pear\PHPUnit\Framework\TestSuite.php
	Line: 775
	Function: run

	File: C:\xampp\php\pear\PHPUnit\Framework\TestSuite.php
	Line: 745
	Function: runTest

	File: C:\xampp\php\pear\PHPUnit\Framework\TestSuite.php
	Line: 705
	Function: run

	File: C:\xampp\php\pear\PHPUnit\TextUI\TestRunner.php
	Line: 349
	Function: run

	File: C:\xampp\php\pear\PHPUnit\TextUI\Command.php
	Line: 176
	Function: doRun

	File: C:\xampp\php\pear\PHPUnit\TextUI\Command.php
	Line: 129
	Function: run

	File: C:\xampp\php\phpunit
	Line: 46
	Function: main


&lt;html&gt;  
    &lt;head&gt;
        &lt;meta charset="utf-8"&gt;
        &lt;meta http-equiv="X-UA-Compatible" content="IE=edge"&gt;
        &lt;meta name="viewport" content="width=device-width, initial-scale=1"&gt;
        &lt;meta name="description" content=""&gt;
        &lt;meta name="author" content=""&gt;
        &lt;title&gt;Sistem Informasi Posyandu&lt;/title&gt;
        &lt;link href="http://localhost:8080/posyandu//assets/vendor/bootstrap/css/bootstrap.min.css" rel="stylesheet"&gt;
        &lt;link href="http://localhost:8080/posyandu//assets/vendor/metisMenu/metisMenu.min.css" rel="stylesheet"&gt;
        &lt;link href="http://localhost:8080/posyandu//assets/dist/css/sb-admin-2.css" rel="stylesheet"&gt;
        &lt;link href="http://localhost:8080/posyandu//assets/vendor/morrisjs/morris.css" rel="stylesheet"&gt;
        &lt;link href="http://localhost:8080/posyandu//assets/vendor/font-awesome/css/font-awesome.min.css" rel="stylesheet" type="text/css"&gt;
        &lt;link rel="icon" href="http://localhost:8080/posyandu//assets/images/favicon.png" type="image/gif" style="size: 100%"&gt;
    &lt;/head&gt;    
    &lt;body&gt;
        &lt;!-- Navigation --&gt;
        &lt;nav class="navbar navbar-default navbar-static-top" role="navigation" style="margin-bottom: 0"&gt;
            &lt;!-- Brand and toggle get grouped for better mobile display --&gt;
            &lt;div class="navbar-header"&gt;
                &lt;img src="http://localhost:8080/posyandu//assets/images/logo.png" height="45px" align="center"&gt;&lt;a class="navbar-brand" href="index.html"&gt;&lt;/a&gt;
            &lt;/div&gt;
            &lt;!-- Top Menu Items --&gt;
            &lt;ul class="nav navbar-top-links navbar-right"&gt;
                &lt;li class="dropdown"&gt;
                    &lt;a href="http://localhost:8080/posyandu/logout" style="color: #d43d21"&gt;&lt;i class="fa fa-sign-out fa-fw" style="color: #d43d21"&gt;&lt;/i&gt; Logout&lt;/a&gt;
                &lt;/li&gt;
            &lt;/ul&gt;
            &lt;ul class="nav navbar-top-links navbar-right"&gt;
                &lt;li class="dropdown"&gt;
                    &lt;a style="color: #d43d21"&gt;&lt;i class="fa fa-user fa-fw" style="color: #d43d21"&gt;&lt;/i&gt; &lt;/a&gt;
                &lt;/li&gt;
            &lt;/ul&gt;
            
        &lt;!-- Sidebar Menu Items - These collapse to the responsive navigation menu on small screens --&gt;
             &lt;div class="navbar-default sidebar" role="navigation"&gt;
                &lt;div class="sidebar-nav navbar-collapse"&gt;
                    &lt;ul class="nav" id="side-menu"&gt;
                        &lt;li&gt;
                            &lt;a href="http://localhost:8080/posyandu/index.php/Bayi"; style="color: #d43d21"; &gt;Data Bayi&lt;/a&gt;
                        &lt;/li&gt;
                        &lt;li&gt;
                            &lt;a href="http://localhost:8080/posyandu/index.php/Ibu_hamil"; style="color: #d43d21"&gt;Data Ibu Hamil&lt;/a&gt;
                        &lt;/li&gt;
                    &lt;/ul&gt;
                &lt;/div&gt;
            &lt;/div&gt;
        &lt;/nav&gt;
        &lt;!-- jQuery --&gt;
    &lt;script src="http://localhost:8080/posyandu//assets/js/jquery.js"&gt;&lt;/script&gt;

    &lt;!-- Bootstrap Core JavaScript --&gt;
    &lt;script src="http://localhost:8080/posyandu//assets/js/bootstrap.min.js"&gt;&lt;/script&gt;

    &lt;!-- Morris Charts JavaScript --&gt;
    &lt;script src="http://localhost:8080/posyandu//assets/js/plugins/morris/raphael.min.js"&gt;&lt;/script&gt;
    &lt;script src="http://localhost:8080/posyandu//assets/js/plugins/morris/morris.min.js"&gt;&lt;/script&gt;
    &lt;script src="http://localhost:8080/posyandu//assets/js/plugins/morris/morris-data.js"&gt;&lt;/script&gt;
    &lt;/body&gt;
&lt;/html&gt;&lt;div id="page-wrapper"&gt;
    &lt;div class="container-fluid"&gt;
        &lt;div class="row"&gt;
            &lt;h1 class="page-header"&gt;Detail Bayi&lt;/h1&gt;
            &lt;div class="panel-body"&gt;
                &lt;div class="row"&gt;
                    &lt;div class="panel panel-default"&gt;
                        &lt;div class="panel-heading"&gt;
                            &lt;strong&gt;Informasi Pribadi&lt;/strong&gt;
                        &lt;/div&gt;
                        &lt;div class="panel-body"&gt;
                            &lt;div class="col-lg-6"&gt;
                                &lt;h4&gt;&lt;strong&gt;ID Bayi&lt;/strong&gt;&lt;/h4&gt;
                                &lt;p&gt;&lt;/p&gt;
                            &lt;/div&gt;
                            &lt;div class="col-lg-6"&gt;
                                &lt;h4&gt;&lt;strong&gt;Nama Bayi&lt;/strong&gt;&lt;/h4&gt;
                                &lt;p&gt;&lt;/p&gt;
                            &lt;/div&gt;
                            &lt;div class="col-lg-6"&gt;
                                &lt;h4&gt;&lt;strong&gt;Nama Ibu&lt;/strong&gt;&lt;/h4&gt;
                                &lt;p&gt;&lt;/p&gt;
                            &lt;/div&gt;
                            &lt;div class="col-lg-6"&gt;
                                &lt;h4&gt;&lt;strong&gt;Nama Ayah&lt;/strong&gt;&lt;/h4&gt;
                                &lt;p&gt;&lt;/p&gt;
                            &lt;/div&gt;
                            &lt;div class="col-lg-3"&gt;
                                &lt;h4&gt;&lt;strong&gt;Tempat Lahir&lt;/strong&gt;&lt;/h4&gt;
                                &lt;p&gt;&lt;/p&gt;
                            &lt;/div&gt;
                            &lt;div class="col-lg-3"&gt;
                                &lt;h4&gt;&lt;strong&gt;Tanggal Lahir&lt;/strong&gt;&lt;/h4&gt;
                                &lt;p&gt;&lt;/p&gt;
                            &lt;/div&gt;
                            &lt;div class="col-lg-3"&gt;
                                &lt;h4&gt;&lt;strong&gt;Jenis Kelamin &lt;/strong&gt;&lt;/h4&gt;
                                &lt;p&gt;Laki-Laki&lt;/p&gt;
                            &lt;/div&gt;
                            &lt;div class="col-lg-3"&gt;
                                &lt;h4&gt;&lt;strong&gt;Anak Ke &lt;/strong&gt;&lt;/h4&gt;
                                &lt;p&gt;&lt;/p&gt;
                            &lt;/div&gt;
                            &lt;div class="col-lg-12"&gt;
                                &lt;h4&gt;&lt;strong&gt;Alamat Lengkap  &lt;/strong&gt;&lt;/h4&gt;
                                &lt;p&gt;&lt;/p&gt;
                            &lt;/div&gt;
                        &lt;/div&gt;
                    &lt;/div&gt;
                    &lt;div class="panel panel-default"&gt;
                        &lt;div class="panel-heading"&gt;
                            &lt;strong&gt;Informasi Kesehatan&lt;/strong&gt;
                        &lt;/div&gt;
                        &lt;div class="panel-body"&gt;
                            &lt;div class="col-lg-6"&gt;
                                &lt;h4&gt;&lt;strong&gt;Golongan Darah &lt;/strong&gt;&lt;/h4&gt;
                                &lt;p&gt;&lt;/p&gt;
                            &lt;/div&gt;
                            &lt;div class="col-lg-3"&gt;
                                &lt;h4&gt;&lt;strong&gt;Panjang Lahir &lt;/strong&gt;&lt;/h4&gt;
                                &lt;p&gt; cm&lt;/p&gt;
                            &lt;/div&gt;
                            &lt;div class="col-lg-3"&gt;
                                &lt;h4&gt;&lt;strong&gt;Berat Lahir &lt;/strong&gt;&lt;/h4&gt;
                                &lt;p&gt; kg&lt;/p&gt;
                            &lt;/div&gt;
                            &lt;div class="col-lg-6"&gt;
                                &lt;h4&gt;&lt;strong&gt;Panjang Sekarang &lt;/strong&gt;&lt;/h4&gt;
                                &lt;p&gt; cm&lt;/p&gt;
                            &lt;/div&gt;
                            &lt;div class="col-lg-6"&gt;
                                &lt;h4&gt;&lt;strong&gt;Berat Sekarang &lt;/strong&gt;&lt;/h4&gt;
                                &lt;p&gt; kg&lt;/p&gt;
                            &lt;/div&gt;
                        &lt;/div&gt;
                    &lt;/div&gt;
                &lt;/div&gt;
                &lt;p style="text-align: right;"&gt;
                    &lt;a href="http://localhost:8080/posyandu/index.php/Bayi" style="text-decoration: none;"&gt;&lt;button type="button" class="btn btn-primary"&gt;Kembali&lt;/button&gt;
                    &lt;a href="http://localhost:8080/posyandu/index.php/Bayi/edit/" style="text-decoration: none;"&gt;&lt;button type="button" class="btn btn-warning"&gt;Edit&lt;/button&gt;
                    &lt;a href="http://localhost:8080/posyandu/index.php/Bayi/delete/" style="text-decoration: none;"&gt;&lt;button type="button" class="btn btn-danger"&gt;Hapus&lt;/button&gt;
                &lt;/p&gt;
            &lt;/div&gt;
        &lt;/div&gt;
    &lt;/div&gt;
&lt;/div&gt;

&lt;/div&gt;
&lt;!-- /#wrapper --&gt;

&lt;!-- jQuery --&gt;
&lt;script src="../vendor/jquery/jquery.min.js"&gt;&lt;/script&gt;

&lt;!-- Bootstrap Core JavaScript --&gt;
&lt;script src="../vendor/bootstrap/js/bootstrap.min.js"&gt;&lt;/script&gt;

&lt;!-- Metis Menu Plugin JavaScript --&gt;
&lt;script src="../vendor/metisMenu/metisMenu.min.js"&gt;&lt;/script&gt;

&lt;!-- Custom Theme JavaScript --&gt;
&lt;script src="../dist/js/sb-admin-2.js"&gt;&lt;/script&gt;' contains "&lt;title&gt;Sistem  Posyandu&lt;/title&gt;".

C:\xampp\htdocs\posyandu\application\tests\controllers\Bayi_test.php:24
</failure>
      </testcase>
      <testcase name="test_detail_bayi_perempuan" class="Bayi_test" file="C:\xampp\htdocs\posyandu\application\tests\controllers\Bayi_test.php" line="26" assertions="1" time="0.069063">
        <failure type="PHPUnit_Framework_ExpectationFailedException">Bayi_test::test_detail_bayi_perempuan
Failed asserting that '
A PHP Error was encountered

Severity:    Warning
Message:     Missing argument 1 for Bayi::detail()
Filename:    C:\xampp\htdocs\posyandu\application\controllers\Bayi.php
Line Number: 111

Backtrace:
	File: C:\xampp\htdocs\posyandu\application\controllers\Bayi.php
	Line: 111
	Function: _error_handler

	File: C:\xampp\htdocs\posyandu\application\tests\_ci_phpunit_test\CIPHPUnitTestRequest.php
	Line: 348
	Function: call_user_func_array

	File: C:\xampp\htdocs\posyandu\application\tests\_ci_phpunit_test\CIPHPUnitTestRequest.php
	Line: 282
	Function: createAndCallController

	File: C:\xampp\htdocs\posyandu\application\tests\_ci_phpunit_test\CIPHPUnitTestRequest.php
	Line: 151
	Function: requestUri

	File: C:\xampp\htdocs\posyandu\application\tests\_ci_phpunit_test\CIPHPUnitTestCase.php
	Line: 183
	Function: request

	File: C:\xampp\htdocs\posyandu\application\tests\controllers\Bayi_test.php
	Line: 29
	Function: request

	File: C:\xampp\php\pear\PHPUnit\Framework\TestCase.php
	Line: 976
	Function: invokeArgs

	File: C:\xampp\php\pear\PHPUnit\Framework\TestCase.php
	Line: 831
	Function: runTest

	File: C:\xampp\php\pear\PHPUnit\Framework\TestResult.php
	Line: 648
	Function: runBare

	File: C:\xampp\php\pear\PHPUnit\Framework\TestCase.php
	Line: 776
	Function: run

	File: C:\xampp\php\pear\PHPUnit\Framework\TestSuite.php
	Line: 775
	Function: run

	File: C:\xampp\php\pear\PHPUnit\Framework\TestSuite.php
	Line: 745
	Function: runTest

	File: C:\xampp\php\pear\PHPUnit\Framework\TestSuite.php
	Line: 705
	Function: run

	File: C:\xampp\php\pear\PHPUnit\TextUI\TestRunner.php
	Line: 349
	Function: run

	File: C:\xampp\php\pear\PHPUnit\TextUI\Command.php
	Line: 176
	Function: doRun

	File: C:\xampp\php\pear\PHPUnit\TextUI\Command.php
	Line: 129
	Function: run

	File: C:\xampp\php\phpunit
	Line: 46
	Function: main



A PHP Error was encountered

Severity:    Notice
Message:     Undefined variable: idBalita
Filename:    C:\xampp\htdocs\posyandu\application\controllers\Bayi.php
Line Number: 112

Backtrace:
	File: C:\xampp\htdocs\posyandu\application\controllers\Bayi.php
	Line: 112
	Function: _error_handler

	File: C:\xampp\htdocs\posyandu\application\tests\_ci_phpunit_test\CIPHPUnitTestRequest.php
	Line: 348
	Function: call_user_func_array

	File: C:\xampp\htdocs\posyandu\application\tests\_ci_phpunit_test\CIPHPUnitTestRequest.php
	Line: 282
	Function: createAndCallController

	File: C:\xampp\htdocs\posyandu\application\tests\_ci_phpunit_test\CIPHPUnitTestRequest.php
	Line: 151
	Function: requestUri

	File: C:\xampp\htdocs\posyandu\application\tests\_ci_phpunit_test\CIPHPUnitTestCase.php
	Line: 183
	Function: request

	File: C:\xampp\htdocs\posyandu\application\tests\controllers\Bayi_test.php
	Line: 29
	Function: request

	File: C:\xampp\php\pear\PHPUnit\Framework\TestCase.php
	Line: 976
	Function: invokeArgs

	File: C:\xampp\php\pear\PHPUnit\Framework\TestCase.php
	Line: 831
	Function: runTest

	File: C:\xampp\php\pear\PHPUnit\Framework\TestResult.php
	Line: 648
	Function: runBare

	File: C:\xampp\php\pear\PHPUnit\Framework\TestCase.php
	Line: 776
	Function: run

	File: C:\xampp\php\pear\PHPUnit\Framework\TestSuite.php
	Line: 775
	Function: run

	File: C:\xampp\php\pear\PHPUnit\Framework\TestSuite.php
	Line: 745
	Function: runTest

	File: C:\xampp\php\pear\PHPUnit\Framework\TestSuite.php
	Line: 705
	Function: run

	File: C:\xampp\php\pear\PHPUnit\TextUI\TestRunner.php
	Line: 349
	Function: run

	File: C:\xampp\php\pear\PHPUnit\TextUI\Command.php
	Line: 176
	Function: doRun

	File: C:\xampp\php\pear\PHPUnit\TextUI\Command.php
	Line: 129
	Function: run

	File: C:\xampp\php\phpunit
	Line: 46
	Function: main



A PHP Error was encountered

Severity:    Notice
Message:     Undefined offset: 0
Filename:    C:\xampp\htdocs\posyandu\application\controllers\Bayi.php
Line Number: 85

Backtrace:
	File: C:\xampp\htdocs\posyandu\application\controllers\Bayi.php
	Line: 85
	Function: _error_handler

	File: C:\xampp\htdocs\posyandu\application\controllers\Bayi.php
	Line: 112
	Function: informasiBayi

	File: C:\xampp\htdocs\posyandu\application\tests\_ci_phpunit_test\CIPHPUnitTestRequest.php
	Line: 348
	Function: call_user_func_array

	File: C:\xampp\htdocs\posyandu\application\tests\_ci_phpunit_test\CIPHPUnitTestRequest.php
	Line: 282
	Function: createAndCallController

	File: C:\xampp\htdocs\posyandu\application\tests\_ci_phpunit_test\CIPHPUnitTestRequest.php
	Line: 151
	Function: requestUri

	File: C:\xampp\htdocs\posyandu\application\tests\_ci_phpunit_test\CIPHPUnitTestCase.php
	Line: 183
	Function: request

	File: C:\xampp\htdocs\posyandu\application\tests\controllers\Bayi_test.php
	Line: 29
	Function: request

	File: C:\xampp\php\pear\PHPUnit\Framework\TestCase.php
	Line: 976
	Function: invokeArgs

	File: C:\xampp\php\pear\PHPUnit\Framework\TestCase.php
	Line: 831
	Function: runTest

	File: C:\xampp\php\pear\PHPUnit\Framework\TestResult.php
	Line: 648
	Function: runBare

	File: C:\xampp\php\pear\PHPUnit\Framework\TestCase.php
	Line: 776
	Function: run

	File: C:\xampp\php\pear\PHPUnit\Framework\TestSuite.php
	Line: 775
	Function: run

	File: C:\xampp\php\pear\PHPUnit\Framework\TestSuite.php
	Line: 745
	Function: runTest

	File: C:\xampp\php\pear\PHPUnit\Framework\TestSuite.php
	Line: 705
	Function: run

	File: C:\xampp\php\pear\PHPUnit\TextUI\TestRunner.php
	Line: 349
	Function: run

	File: C:\xampp\php\pear\PHPUnit\TextUI\Command.php
	Line: 176
	Function: doRun

	File: C:\xampp\php\pear\PHPUnit\TextUI\Command.php
	Line: 129
	Function: run

	File: C:\xampp\php\phpunit
	Line: 46
	Function: main



A PHP Error was encountered

Severity:    Notice
Message:     Undefined offset: 0
Filename:    C:\xampp\htdocs\posyandu\application\controllers\Bayi.php
Line Number: 86

Backtrace:
	File: C:\xampp\htdocs\posyandu\application\controllers\Bayi.php
	Line: 86
	Function: _error_handler

	File: C:\xampp\htdocs\posyandu\application\controllers\Bayi.php
	Line: 112
	Function: informasiBayi

	File: C:\xampp\htdocs\posyandu\application\tests\_ci_phpunit_test\CIPHPUnitTestRequest.php
	Line: 348
	Function: call_user_func_array

	File: C:\xampp\htdocs\posyandu\application\tests\_ci_phpunit_test\CIPHPUnitTestRequest.php
	Line: 282
	Function: createAndCallController

	File: C:\xampp\htdocs\posyandu\application\tests\_ci_phpunit_test\CIPHPUnitTestRequest.php
	Line: 151
	Function: requestUri

	File: C:\xampp\htdocs\posyandu\application\tests\_ci_phpunit_test\CIPHPUnitTestCase.php
	Line: 183
	Function: request

	File: C:\xampp\htdocs\posyandu\application\tests\controllers\Bayi_test.php
	Line: 29
	Function: request

	File: C:\xampp\php\pear\PHPUnit\Framework\TestCase.php
	Line: 976
	Function: invokeArgs

	File: C:\xampp\php\pear\PHPUnit\Framework\TestCase.php
	Line: 831
	Function: runTest

	File: C:\xampp\php\pear\PHPUnit\Framework\TestResult.php
	Line: 648
	Function: runBare

	File: C:\xampp\php\pear\PHPUnit\Framework\TestCase.php
	Line: 776
	Function: run

	File: C:\xampp\php\pear\PHPUnit\Framework\TestSuite.php
	Line: 775
	Function: run

	File: C:\xampp\php\pear\PHPUnit\Framework\TestSuite.php
	Line: 745
	Function: runTest

	File: C:\xampp\php\pear\PHPUnit\Framework\TestSuite.php
	Line: 705
	Function: run

	File: C:\xampp\php\pear\PHPUnit\TextUI\TestRunner.php
	Line: 349
	Function: run

	File: C:\xampp\php\pear\PHPUnit\TextUI\Command.php
	Line: 176
	Function: doRun

	File: C:\xampp\php\pear\PHPUnit\TextUI\Command.php
	Line: 129
	Function: run

	File: C:\xampp\php\phpunit
	Line: 46
	Function: main



A PHP Error was encountered

Severity:    Notice
Message:     Undefined offset: 0
Filename:    C:\xampp\htdocs\posyandu\application\controllers\Bayi.php
Line Number: 100

Backtrace:
	File: C:\xampp\htdocs\posyandu\application\controllers\Bayi.php
	Line: 100
	Function: _error_handler

	File: C:\xampp\htdocs\posyandu\application\controllers\Bayi.php
	Line: 112
	Function: informasiBayi

	File: C:\xampp\htdocs\posyandu\application\tests\_ci_phpunit_test\CIPHPUnitTestRequest.php
	Line: 348
	Function: call_user_func_array

	File: C:\xampp\htdocs\posyandu\application\tests\_ci_phpunit_test\CIPHPUnitTestRequest.php
	Line: 282
	Function: createAndCallController

	File: C:\xampp\htdocs\posyandu\application\tests\_ci_phpunit_test\CIPHPUnitTestRequest.php
	Line: 151
	Function: requestUri

	File: C:\xampp\htdocs\posyandu\application\tests\_ci_phpunit_test\CIPHPUnitTestCase.php
	Line: 183
	Function: request

	File: C:\xampp\htdocs\posyandu\application\tests\controllers\Bayi_test.php
	Line: 29
	Function: request

	File: C:\xampp\php\pear\PHPUnit\Framework\TestCase.php
	Line: 976
	Function: invokeArgs

	File: C:\xampp\php\pear\PHPUnit\Framework\TestCase.php
	Line: 831
	Function: runTest

	File: C:\xampp\php\pear\PHPUnit\Framework\TestResult.php
	Line: 648
	Function: runBare

	File: C:\xampp\php\pear\PHPUnit\Framework\TestCase.php
	Line: 776
	Function: run

	File: C:\xampp\php\pear\PHPUnit\Framework\TestSuite.php
	Line: 775
	Function: run

	File: C:\xampp\php\pear\PHPUnit\Framework\TestSuite.php
	Line: 745
	Function: runTest

	File: C:\xampp\php\pear\PHPUnit\Framework\TestSuite.php
	Line: 705
	Function: run

	File: C:\xampp\php\pear\PHPUnit\TextUI\TestRunner.php
	Line: 349
	Function: run

	File: C:\xampp\php\pear\PHPUnit\TextUI\Command.php
	Line: 176
	Function: doRun

	File: C:\xampp\php\pear\PHPUnit\TextUI\Command.php
	Line: 129
	Function: run

	File: C:\xampp\php\phpunit
	Line: 46
	Function: main



A PHP Error was encountered

Severity:    Notice
Message:     Undefined offset: 0
Filename:    C:\xampp\htdocs\posyandu\application\controllers\Bayi.php
Line Number: 100

Backtrace:
	File: C:\xampp\htdocs\posyandu\application\controllers\Bayi.php
	Line: 100
	Function: _error_handler

	File: C:\xampp\htdocs\posyandu\application\controllers\Bayi.php
	Line: 112
	Function: informasiBayi

	File: C:\xampp\htdocs\posyandu\application\tests\_ci_phpunit_test\CIPHPUnitTestRequest.php
	Line: 348
	Function: call_user_func_array

	File: C:\xampp\htdocs\posyandu\application\tests\_ci_phpunit_test\CIPHPUnitTestRequest.php
	Line: 282
	Function: createAndCallController

	File: C:\xampp\htdocs\posyandu\application\tests\_ci_phpunit_test\CIPHPUnitTestRequest.php
	Line: 151
	Function: requestUri

	File: C:\xampp\htdocs\posyandu\application\tests\_ci_phpunit_test\CIPHPUnitTestCase.php
	Line: 183
	Function: request

	File: C:\xampp\htdocs\posyandu\application\tests\controllers\Bayi_test.php
	Line: 29
	Function: request

	File: C:\xampp\php\pear\PHPUnit\Framework\TestCase.php
	Line: 976
	Function: invokeArgs

	File: C:\xampp\php\pear\PHPUnit\Framework\TestCase.php
	Line: 831
	Function: runTest

	File: C:\xampp\php\pear\PHPUnit\Framework\TestResult.php
	Line: 648
	Function: runBare

	File: C:\xampp\php\pear\PHPUnit\Framework\TestCase.php
	Line: 776
	Function: run

	File: C:\xampp\php\pear\PHPUnit\Framework\TestSuite.php
	Line: 775
	Function: run

	File: C:\xampp\php\pear\PHPUnit\Framework\TestSuite.php
	Line: 745
	Function: runTest

	File: C:\xampp\php\pear\PHPUnit\Framework\TestSuite.php
	Line: 705
	Function: run

	File: C:\xampp\php\pear\PHPUnit\TextUI\TestRunner.php
	Line: 349
	Function: run

	File: C:\xampp\php\pear\PHPUnit\TextUI\Command.php
	Line: 176
	Function: doRun

	File: C:\xampp\php\pear\PHPUnit\TextUI\Command.php
	Line: 129
	Function: run

	File: C:\xampp\php\phpunit
	Line: 46
	Function: main



A PHP Error was encountered

Severity:    Notice
Message:     Undefined offset: 0
Filename:    C:\xampp\htdocs\posyandu\application\controllers\Bayi.php
Line Number: 101

Backtrace:
	File: C:\xampp\htdocs\posyandu\application\controllers\Bayi.php
	Line: 101
	Function: _error_handler

	File: C:\xampp\htdocs\posyandu\application\controllers\Bayi.php
	Line: 112
	Function: informasiBayi

	File: C:\xampp\htdocs\posyandu\application\tests\_ci_phpunit_test\CIPHPUnitTestRequest.php
	Line: 348
	Function: call_user_func_array

	File: C:\xampp\htdocs\posyandu\application\tests\_ci_phpunit_test\CIPHPUnitTestRequest.php
	Line: 282
	Function: createAndCallController

	File: C:\xampp\htdocs\posyandu\application\tests\_ci_phpunit_test\CIPHPUnitTestRequest.php
	Line: 151
	Function: requestUri

	File: C:\xampp\htdocs\posyandu\application\tests\_ci_phpunit_test\CIPHPUnitTestCase.php
	Line: 183
	Function: request

	File: C:\xampp\htdocs\posyandu\application\tests\controllers\Bayi_test.php
	Line: 29
	Function: request

	File: C:\xampp\php\pear\PHPUnit\Framework\TestCase.php
	Line: 976
	Function: invokeArgs

	File: C:\xampp\php\pear\PHPUnit\Framework\TestCase.php
	Line: 831
	Function: runTest

	File: C:\xampp\php\pear\PHPUnit\Framework\TestResult.php
	Line: 648
	Function: runBare

	File: C:\xampp\php\pear\PHPUnit\Framework\TestCase.php
	Line: 776
	Function: run

	File: C:\xampp\php\pear\PHPUnit\Framework\TestSuite.php
	Line: 775
	Function: run

	File: C:\xampp\php\pear\PHPUnit\Framework\TestSuite.php
	Line: 745
	Function: runTest

	File: C:\xampp\php\pear\PHPUnit\Framework\TestSuite.php
	Line: 705
	Function: run

	File: C:\xampp\php\pear\PHPUnit\TextUI\TestRunner.php
	Line: 349
	Function: run

	File: C:\xampp\php\pear\PHPUnit\TextUI\Command.php
	Line: 176
	Function: doRun

	File: C:\xampp\php\pear\PHPUnit\TextUI\Command.php
	Line: 129
	Function: run

	File: C:\xampp\php\phpunit
	Line: 46
	Function: main



A PHP Error was encountered

Severity:    Notice
Message:     Undefined offset: 0
Filename:    C:\xampp\htdocs\posyandu\application\controllers\Bayi.php
Line Number: 101

Backtrace:
	File: C:\xampp\htdocs\posyandu\application\controllers\Bayi.php
	Line: 101
	Function: _error_handler

	File: C:\xampp\htdocs\posyandu\application\controllers\Bayi.php
	Line: 112
	Function: informasiBayi

	File: C:\xampp\htdocs\posyandu\application\tests\_ci_phpunit_test\CIPHPUnitTestRequest.php
	Line: 348
	Function: call_user_func_array

	File: C:\xampp\htdocs\posyandu\application\tests\_ci_phpunit_test\CIPHPUnitTestRequest.php
	Line: 282
	Function: createAndCallController

	File: C:\xampp\htdocs\posyandu\application\tests\_ci_phpunit_test\CIPHPUnitTestRequest.php
	Line: 151
	Function: requestUri

	File: C:\xampp\htdocs\posyandu\application\tests\_ci_phpunit_test\CIPHPUnitTestCase.php
	Line: 183
	Function: request

	File: C:\xampp\htdocs\posyandu\application\tests\controllers\Bayi_test.php
	Line: 29
	Function: request

	File: C:\xampp\php\pear\PHPUnit\Framework\TestCase.php
	Line: 976
	Function: invokeArgs

	File: C:\xampp\php\pear\PHPUnit\Framework\TestCase.php
	Line: 831
	Function: runTest

	File: C:\xampp\php\pear\PHPUnit\Framework\TestResult.php
	Line: 648
	Function: runBare

	File: C:\xampp\php\pear\PHPUnit\Framework\TestCase.php
	Line: 776
	Function: run

	File: C:\xampp\php\pear\PHPUnit\Framework\TestSuite.php
	Line: 775
	Function: run

	File: C:\xampp\php\pear\PHPUnit\Framework\TestSuite.php
	Line: 745
	Function: runTest

	File: C:\xampp\php\pear\PHPUnit\Framework\TestSuite.php
	Line: 705
	Function: run

	File: C:\xampp\php\pear\PHPUnit\TextUI\TestRunner.php
	Line: 349
	Function: run

	File: C:\xampp\php\pear\PHPUnit\TextUI\Command.php
	Line: 176
	Function: doRun

	File: C:\xampp\php\pear\PHPUnit\TextUI\Command.php
	Line: 129
	Function: run

	File: C:\xampp\php\phpunit
	Line: 46
	Function: main



A PHP Error was encountered

Severity:    Notice
Message:     Undefined offset: 0
Filename:    C:\xampp\htdocs\posyandu\application\controllers\Bayi.php
Line Number: 102

Backtrace:
	File: C:\xampp\htdocs\posyandu\application\controllers\Bayi.php
	Line: 102
	Function: _error_handler

	File: C:\xampp\htdocs\posyandu\application\controllers\Bayi.php
	Line: 112
	Function: informasiBayi

	File: C:\xampp\htdocs\posyandu\application\tests\_ci_phpunit_test\CIPHPUnitTestRequest.php
	Line: 348
	Function: call_user_func_array

	File: C:\xampp\htdocs\posyandu\application\tests\_ci_phpunit_test\CIPHPUnitTestRequest.php
	Line: 282
	Function: createAndCallController

	File: C:\xampp\htdocs\posyandu\application\tests\_ci_phpunit_test\CIPHPUnitTestRequest.php
	Line: 151
	Function: requestUri

	File: C:\xampp\htdocs\posyandu\application\tests\_ci_phpunit_test\CIPHPUnitTestCase.php
	Line: 183
	Function: request

	File: C:\xampp\htdocs\posyandu\application\tests\controllers\Bayi_test.php
	Line: 29
	Function: request

	File: C:\xampp\php\pear\PHPUnit\Framework\TestCase.php
	Line: 976
	Function: invokeArgs

	File: C:\xampp\php\pear\PHPUnit\Framework\TestCase.php
	Line: 831
	Function: runTest

	File: C:\xampp\php\pear\PHPUnit\Framework\TestResult.php
	Line: 648
	Function: runBare

	File: C:\xampp\php\pear\PHPUnit\Framework\TestCase.php
	Line: 776
	Function: run

	File: C:\xampp\php\pear\PHPUnit\Framework\TestSuite.php
	Line: 775
	Function: run

	File: C:\xampp\php\pear\PHPUnit\Framework\TestSuite.php
	Line: 745
	Function: runTest

	File: C:\xampp\php\pear\PHPUnit\Framework\TestSuite.php
	Line: 705
	Function: run

	File: C:\xampp\php\pear\PHPUnit\TextUI\TestRunner.php
	Line: 349
	Function: run

	File: C:\xampp\php\pear\PHPUnit\TextUI\Command.php
	Line: 176
	Function: doRun

	File: C:\xampp\php\pear\PHPUnit\TextUI\Command.php
	Line: 129
	Function: run

	File: C:\xampp\php\phpunit
	Line: 46
	Function: main



A PHP Error was encountered

Severity:    Notice
Message:     Undefined offset: 0
Filename:    C:\xampp\htdocs\posyandu\application\controllers\Bayi.php
Line Number: 102

Backtrace:
	File: C:\xampp\htdocs\posyandu\application\controllers\Bayi.php
	Line: 102
	Function: _error_handler

	File: C:\xampp\htdocs\posyandu\application\controllers\Bayi.php
	Line: 112
	Function: informasiBayi

	File: C:\xampp\htdocs\posyandu\application\tests\_ci_phpunit_test\CIPHPUnitTestRequest.php
	Line: 348
	Function: call_user_func_array

	File: C:\xampp\htdocs\posyandu\application\tests\_ci_phpunit_test\CIPHPUnitTestRequest.php
	Line: 282
	Function: createAndCallController

	File: C:\xampp\htdocs\posyandu\application\tests\_ci_phpunit_test\CIPHPUnitTestRequest.php
	Line: 151
	Function: requestUri

	File: C:\xampp\htdocs\posyandu\application\tests\_ci_phpunit_test\CIPHPUnitTestCase.php
	Line: 183
	Function: request

	File: C:\xampp\htdocs\posyandu\application\tests\controllers\Bayi_test.php
	Line: 29
	Function: request

	File: C:\xampp\php\pear\PHPUnit\Framework\TestCase.php
	Line: 976
	Function: invokeArgs

	File: C:\xampp\php\pear\PHPUnit\Framework\TestCase.php
	Line: 831
	Function: runTest

	File: C:\xampp\php\pear\PHPUnit\Framework\TestResult.php
	Line: 648
	Function: runBare

	File: C:\xampp\php\pear\PHPUnit\Framework\TestCase.php
	Line: 776
	Function: run

	File: C:\xampp\php\pear\PHPUnit\Framework\TestSuite.php
	Line: 775
	Function: run

	File: C:\xampp\php\pear\PHPUnit\Framework\TestSuite.php
	Line: 745
	Function: runTest

	File: C:\xampp\php\pear\PHPUnit\Framework\TestSuite.php
	Line: 705
	Function: run

	File: C:\xampp\php\pear\PHPUnit\TextUI\TestRunner.php
	Line: 349
	Function: run

	File: C:\xampp\php\pear\PHPUnit\TextUI\Command.php
	Line: 176
	Function: doRun

	File: C:\xampp\php\pear\PHPUnit\TextUI\Command.php
	Line: 129
	Function: run

	File: C:\xampp\php\phpunit
	Line: 46
	Function: main



A PHP Error was encountered

Severity:    Notice
Message:     Undefined offset: 0
Filename:    C:\xampp\htdocs\posyandu\application\controllers\Bayi.php
Line Number: 103

Backtrace:
	File: C:\xampp\htdocs\posyandu\application\controllers\Bayi.php
	Line: 103
	Function: _error_handler

	File: C:\xampp\htdocs\posyandu\application\controllers\Bayi.php
	Line: 112
	Function: informasiBayi

	File: C:\xampp\htdocs\posyandu\application\tests\_ci_phpunit_test\CIPHPUnitTestRequest.php
	Line: 348
	Function: call_user_func_array

	File: C:\xampp\htdocs\posyandu\application\tests\_ci_phpunit_test\CIPHPUnitTestRequest.php
	Line: 282
	Function: createAndCallController

	File: C:\xampp\htdocs\posyandu\application\tests\_ci_phpunit_test\CIPHPUnitTestRequest.php
	Line: 151
	Function: requestUri

	File: C:\xampp\htdocs\posyandu\application\tests\_ci_phpunit_test\CIPHPUnitTestCase.php
	Line: 183
	Function: request

	File: C:\xampp\htdocs\posyandu\application\tests\controllers\Bayi_test.php
	Line: 29
	Function: request

	File: C:\xampp\php\pear\PHPUnit\Framework\TestCase.php
	Line: 976
	Function: invokeArgs

	File: C:\xampp\php\pear\PHPUnit\Framework\TestCase.php
	Line: 831
	Function: runTest

	File: C:\xampp\php\pear\PHPUnit\Framework\TestResult.php
	Line: 648
	Function: runBare

	File: C:\xampp\php\pear\PHPUnit\Framework\TestCase.php
	Line: 776
	Function: run

	File: C:\xampp\php\pear\PHPUnit\Framework\TestSuite.php
	Line: 775
	Function: run

	File: C:\xampp\php\pear\PHPUnit\Framework\TestSuite.php
	Line: 745
	Function: runTest

	File: C:\xampp\php\pear\PHPUnit\Framework\TestSuite.php
	Line: 705
	Function: run

	File: C:\xampp\php\pear\PHPUnit\TextUI\TestRunner.php
	Line: 349
	Function: run

	File: C:\xampp\php\pear\PHPUnit\TextUI\Command.php
	Line: 176
	Function: doRun

	File: C:\xampp\php\pear\PHPUnit\TextUI\Command.php
	Line: 129
	Function: run

	File: C:\xampp\php\phpunit
	Line: 46
	Function: main



A PHP Error was encountered

Severity:    Notice
Message:     Undefined offset: 0
Filename:    C:\xampp\htdocs\posyandu\application\controllers\Bayi.php
Line Number: 103

Backtrace:
	File: C:\xampp\htdocs\posyandu\application\controllers\Bayi.php
	Line: 103
	Function: _error_handler

	File: C:\xampp\htdocs\posyandu\application\controllers\Bayi.php
	Line: 112
	Function: informasiBayi

	File: C:\xampp\htdocs\posyandu\application\tests\_ci_phpunit_test\CIPHPUnitTestRequest.php
	Line: 348
	Function: call_user_func_array

	File: C:\xampp\htdocs\posyandu\application\tests\_ci_phpunit_test\CIPHPUnitTestRequest.php
	Line: 282
	Function: createAndCallController

	File: C:\xampp\htdocs\posyandu\application\tests\_ci_phpunit_test\CIPHPUnitTestRequest.php
	Line: 151
	Function: requestUri

	File: C:\xampp\htdocs\posyandu\application\tests\_ci_phpunit_test\CIPHPUnitTestCase.php
	Line: 183
	Function: request

	File: C:\xampp\htdocs\posyandu\application\tests\controllers\Bayi_test.php
	Line: 29
	Function: request

	File: C:\xampp\php\pear\PHPUnit\Framework\TestCase.php
	Line: 976
	Function: invokeArgs

	File: C:\xampp\php\pear\PHPUnit\Framework\TestCase.php
	Line: 831
	Function: runTest

	File: C:\xampp\php\pear\PHPUnit\Framework\TestResult.php
	Line: 648
	Function: runBare

	File: C:\xampp\php\pear\PHPUnit\Framework\TestCase.php
	Line: 776
	Function: run

	File: C:\xampp\php\pear\PHPUnit\Framework\TestSuite.php
	Line: 775
	Function: run

	File: C:\xampp\php\pear\PHPUnit\Framework\TestSuite.php
	Line: 745
	Function: runTest

	File: C:\xampp\php\pear\PHPUnit\Framework\TestSuite.php
	Line: 705
	Function: run

	File: C:\xampp\php\pear\PHPUnit\TextUI\TestRunner.php
	Line: 349
	Function: run

	File: C:\xampp\php\pear\PHPUnit\TextUI\Command.php
	Line: 176
	Function: doRun

	File: C:\xampp\php\pear\PHPUnit\TextUI\Command.php
	Line: 129
	Function: run

	File: C:\xampp\php\phpunit
	Line: 46
	Function: main



A PHP Error was encountered

Severity:    Notice
Message:     Undefined offset: 0
Filename:    C:\xampp\htdocs\posyandu\application\controllers\Bayi.php
Line Number: 104

Backtrace:
	File: C:\xampp\htdocs\posyandu\application\controllers\Bayi.php
	Line: 104
	Function: _error_handler

	File: C:\xampp\htdocs\posyandu\application\controllers\Bayi.php
	Line: 112
	Function: informasiBayi

	File: C:\xampp\htdocs\posyandu\application\tests\_ci_phpunit_test\CIPHPUnitTestRequest.php
	Line: 348
	Function: call_user_func_array

	File: C:\xampp\htdocs\posyandu\application\tests\_ci_phpunit_test\CIPHPUnitTestRequest.php
	Line: 282
	Function: createAndCallController

	File: C:\xampp\htdocs\posyandu\application\tests\_ci_phpunit_test\CIPHPUnitTestRequest.php
	Line: 151
	Function: requestUri

	File: C:\xampp\htdocs\posyandu\application\tests\_ci_phpunit_test\CIPHPUnitTestCase.php
	Line: 183
	Function: request

	File: C:\xampp\htdocs\posyandu\application\tests\controllers\Bayi_test.php
	Line: 29
	Function: request

	File: C:\xampp\php\pear\PHPUnit\Framework\TestCase.php
	Line: 976
	Function: invokeArgs

	File: C:\xampp\php\pear\PHPUnit\Framework\TestCase.php
	Line: 831
	Function: runTest

	File: C:\xampp\php\pear\PHPUnit\Framework\TestResult.php
	Line: 648
	Function: runBare

	File: C:\xampp\php\pear\PHPUnit\Framework\TestCase.php
	Line: 776
	Function: run

	File: C:\xampp\php\pear\PHPUnit\Framework\TestSuite.php
	Line: 775
	Function: run

	File: C:\xampp\php\pear\PHPUnit\Framework\TestSuite.php
	Line: 745
	Function: runTest

	File: C:\xampp\php\pear\PHPUnit\Framework\TestSuite.php
	Line: 705
	Function: run

	File: C:\xampp\php\pear\PHPUnit\TextUI\TestRunner.php
	Line: 349
	Function: run

	File: C:\xampp\php\pear\PHPUnit\TextUI\Command.php
	Line: 176
	Function: doRun

	File: C:\xampp\php\pear\PHPUnit\TextUI\Command.php
	Line: 129
	Function: run

	File: C:\xampp\php\phpunit
	Line: 46
	Function: main



A PHP Error was encountered

Severity:    Notice
Message:     Undefined offset: 0
Filename:    C:\xampp\htdocs\posyandu\application\controllers\Bayi.php
Line Number: 104

Backtrace:
	File: C:\xampp\htdocs\posyandu\application\controllers\Bayi.php
	Line: 104
	Function: _error_handler

	File: C:\xampp\htdocs\posyandu\application\controllers\Bayi.php
	Line: 112
	Function: informasiBayi

	File: C:\xampp\htdocs\posyandu\application\tests\_ci_phpunit_test\CIPHPUnitTestRequest.php
	Line: 348
	Function: call_user_func_array

	File: C:\xampp\htdocs\posyandu\application\tests\_ci_phpunit_test\CIPHPUnitTestRequest.php
	Line: 282
	Function: createAndCallController

	File: C:\xampp\htdocs\posyandu\application\tests\_ci_phpunit_test\CIPHPUnitTestRequest.php
	Line: 151
	Function: requestUri

	File: C:\xampp\htdocs\posyandu\application\tests\_ci_phpunit_test\CIPHPUnitTestCase.php
	Line: 183
	Function: request

	File: C:\xampp\htdocs\posyandu\application\tests\controllers\Bayi_test.php
	Line: 29
	Function: request

	File: C:\xampp\php\pear\PHPUnit\Framework\TestCase.php
	Line: 976
	Function: invokeArgs

	File: C:\xampp\php\pear\PHPUnit\Framework\TestCase.php
	Line: 831
	Function: runTest

	File: C:\xampp\php\pear\PHPUnit\Framework\TestResult.php
	Line: 648
	Function: runBare

	File: C:\xampp\php\pear\PHPUnit\Framework\TestCase.php
	Line: 776
	Function: run

	File: C:\xampp\php\pear\PHPUnit\Framework\TestSuite.php
	Line: 775
	Function: run

	File: C:\xampp\php\pear\PHPUnit\Framework\TestSuite.php
	Line: 745
	Function: runTest

	File: C:\xampp\php\pear\PHPUnit\Framework\TestSuite.php
	Line: 705
	Function: run

	File: C:\xampp\php\pear\PHPUnit\TextUI\TestRunner.php
	Line: 349
	Function: run

	File: C:\xampp\php\pear\PHPUnit\TextUI\Command.php
	Line: 176
	Function: doRun

	File: C:\xampp\php\pear\PHPUnit\TextUI\Command.php
	Line: 129
	Function: run

	File: C:\xampp\php\phpunit
	Line: 46
	Function: main



A PHP Error was encountered

Severity:    Notice
Message:     Undefined offset: 0
Filename:    C:\xampp\htdocs\posyandu\application\controllers\Bayi.php
Line Number: 106

Backtrace:
	File: C:\xampp\htdocs\posyandu\application\controllers\Bayi.php
	Line: 106
	Function: _error_handler

	File: C:\xampp\htdocs\posyandu\application\controllers\Bayi.php
	Line: 112
	Function: informasiBayi

	File: C:\xampp\htdocs\posyandu\application\tests\_ci_phpunit_test\CIPHPUnitTestRequest.php
	Line: 348
	Function: call_user_func_array

	File: C:\xampp\htdocs\posyandu\application\tests\_ci_phpunit_test\CIPHPUnitTestRequest.php
	Line: 282
	Function: createAndCallController

	File: C:\xampp\htdocs\posyandu\application\tests\_ci_phpunit_test\CIPHPUnitTestRequest.php
	Line: 151
	Function: requestUri

	File: C:\xampp\htdocs\posyandu\application\tests\_ci_phpunit_test\CIPHPUnitTestCase.php
	Line: 183
	Function: request

	File: C:\xampp\htdocs\posyandu\application\tests\controllers\Bayi_test.php
	Line: 29
	Function: request

	File: C:\xampp\php\pear\PHPUnit\Framework\TestCase.php
	Line: 976
	Function: invokeArgs

	File: C:\xampp\php\pear\PHPUnit\Framework\TestCase.php
	Line: 831
	Function: runTest

	File: C:\xampp\php\pear\PHPUnit\Framework\TestResult.php
	Line: 648
	Function: runBare

	File: C:\xampp\php\pear\PHPUnit\Framework\TestCase.php
	Line: 776
	Function: run

	File: C:\xampp\php\pear\PHPUnit\Framework\TestSuite.php
	Line: 775
	Function: run

	File: C:\xampp\php\pear\PHPUnit\Framework\TestSuite.php
	Line: 745
	Function: runTest

	File: C:\xampp\php\pear\PHPUnit\Framework\TestSuite.php
	Line: 705
	Function: run

	File: C:\xampp\php\pear\PHPUnit\TextUI\TestRunner.php
	Line: 349
	Function: run

	File: C:\xampp\php\pear\PHPUnit\TextUI\Command.php
	Line: 176
	Function: doRun

	File: C:\xampp\php\pear\PHPUnit\TextUI\Command.php
	Line: 129
	Function: run

	File: C:\xampp\php\phpunit
	Line: 46
	Function: main



A PHP Error was encountered

Severity:    Notice
Message:     Undefined offset: 0
Filename:    C:\xampp\htdocs\posyandu\application\controllers\Bayi.php
Line Number: 106

Backtrace:
	File: C:\xampp\htdocs\posyandu\application\controllers\Bayi.php
	Line: 106
	Function: _error_handler

	File: C:\xampp\htdocs\posyandu\application\controllers\Bayi.php
	Line: 112
	Function: informasiBayi

	File: C:\xampp\htdocs\posyandu\application\tests\_ci_phpunit_test\CIPHPUnitTestRequest.php
	Line: 348
	Function: call_user_func_array

	File: C:\xampp\htdocs\posyandu\application\tests\_ci_phpunit_test\CIPHPUnitTestRequest.php
	Line: 282
	Function: createAndCallController

	File: C:\xampp\htdocs\posyandu\application\tests\_ci_phpunit_test\CIPHPUnitTestRequest.php
	Line: 151
	Function: requestUri

	File: C:\xampp\htdocs\posyandu\application\tests\_ci_phpunit_test\CIPHPUnitTestCase.php
	Line: 183
	Function: request

	File: C:\xampp\htdocs\posyandu\application\tests\controllers\Bayi_test.php
	Line: 29
	Function: request

	File: C:\xampp\php\pear\PHPUnit\Framework\TestCase.php
	Line: 976
	Function: invokeArgs

	File: C:\xampp\php\pear\PHPUnit\Framework\TestCase.php
	Line: 831
	Function: runTest

	File: C:\xampp\php\pear\PHPUnit\Framework\TestResult.php
	Line: 648
	Function: runBare

	File: C:\xampp\php\pear\PHPUnit\Framework\TestCase.php
	Line: 776
	Function: run

	File: C:\xampp\php\pear\PHPUnit\Framework\TestSuite.php
	Line: 775
	Function: run

	File: C:\xampp\php\pear\PHPUnit\Framework\TestSuite.php
	Line: 745
	Function: runTest

	File: C:\xampp\php\pear\PHPUnit\Framework\TestSuite.php
	Line: 705
	Function: run

	File: C:\xampp\php\pear\PHPUnit\TextUI\TestRunner.php
	Line: 349
	Function: run

	File: C:\xampp\php\pear\PHPUnit\TextUI\Command.php
	Line: 176
	Function: doRun

	File: C:\xampp\php\pear\PHPUnit\TextUI\Command.php
	Line: 129
	Function: run

	File: C:\xampp\php\phpunit
	Line: 46
	Function: main


&lt;html&gt;  
    &lt;head&gt;
        &lt;meta charset="utf-8"&gt;
        &lt;meta http-equiv="X-UA-Compatible" content="IE=edge"&gt;
        &lt;meta name="viewport" content="width=device-width, initial-scale=1"&gt;
        &lt;meta name="description" content=""&gt;
        &lt;meta name="author" content=""&gt;
        &lt;title&gt;Sistem Informasi Posyandu&lt;/title&gt;
        &lt;link href="http://localhost:8080/posyandu//assets/vendor/bootstrap/css/bootstrap.min.css" rel="stylesheet"&gt;
        &lt;link href="http://localhost:8080/posyandu//assets/vendor/metisMenu/metisMenu.min.css" rel="stylesheet"&gt;
        &lt;link href="http://localhost:8080/posyandu//assets/dist/css/sb-admin-2.css" rel="stylesheet"&gt;
        &lt;link href="http://localhost:8080/posyandu//assets/vendor/morrisjs/morris.css" rel="stylesheet"&gt;
        &lt;link href="http://localhost:8080/posyandu//assets/vendor/font-awesome/css/font-awesome.min.css" rel="stylesheet" type="text/css"&gt;
        &lt;link rel="icon" href="http://localhost:8080/posyandu//assets/images/favicon.png" type="image/gif" style="size: 100%"&gt;
    &lt;/head&gt;    
    &lt;body&gt;
        &lt;!-- Navigation --&gt;
        &lt;nav class="navbar navbar-default navbar-static-top" role="navigation" style="margin-bottom: 0"&gt;
            &lt;!-- Brand and toggle get grouped for better mobile display --&gt;
            &lt;div class="navbar-header"&gt;
                &lt;img src="http://localhost:8080/posyandu//assets/images/logo.png" height="45px" align="center"&gt;&lt;a class="navbar-brand" href="index.html"&gt;&lt;/a&gt;
            &lt;/div&gt;
            &lt;!-- Top Menu Items --&gt;
            &lt;ul class="nav navbar-top-links navbar-right"&gt;
                &lt;li class="dropdown"&gt;
                    &lt;a href="http://localhost:8080/posyandu/logout" style="color: #d43d21"&gt;&lt;i class="fa fa-sign-out fa-fw" style="color: #d43d21"&gt;&lt;/i&gt; Logout&lt;/a&gt;
                &lt;/li&gt;
            &lt;/ul&gt;
            &lt;ul class="nav navbar-top-links navbar-right"&gt;
                &lt;li class="dropdown"&gt;
                    &lt;a style="color: #d43d21"&gt;&lt;i class="fa fa-user fa-fw" style="color: #d43d21"&gt;&lt;/i&gt; &lt;/a&gt;
                &lt;/li&gt;
            &lt;/ul&gt;
            
        &lt;!-- Sidebar Menu Items - These collapse to the responsive navigation menu on small screens --&gt;
             &lt;div class="navbar-default sidebar" role="navigation"&gt;
                &lt;div class="sidebar-nav navbar-collapse"&gt;
                    &lt;ul class="nav" id="side-menu"&gt;
                        &lt;li&gt;
                            &lt;a href="http://localhost:8080/posyandu/index.php/Bayi"; style="color: #d43d21"; &gt;Data Bayi&lt;/a&gt;
                        &lt;/li&gt;
                        &lt;li&gt;
                            &lt;a href="http://localhost:8080/posyandu/index.php/Ibu_hamil"; style="color: #d43d21"&gt;Data Ibu Hamil&lt;/a&gt;
                        &lt;/li&gt;
                    &lt;/ul&gt;
                &lt;/div&gt;
            &lt;/div&gt;
        &lt;/nav&gt;
        &lt;!-- jQuery --&gt;
    &lt;script src="http://localhost:8080/posyandu//assets/js/jquery.js"&gt;&lt;/script&gt;

    &lt;!-- Bootstrap Core JavaScript --&gt;
    &lt;script src="http://localhost:8080/posyandu//assets/js/bootstrap.min.js"&gt;&lt;/script&gt;

    &lt;!-- Morris Charts JavaScript --&gt;
    &lt;script src="http://localhost:8080/posyandu//assets/js/plugins/morris/raphael.min.js"&gt;&lt;/script&gt;
    &lt;script src="http://localhost:8080/posyandu//assets/js/plugins/morris/morris.min.js"&gt;&lt;/script&gt;
    &lt;script src="http://localhost:8080/posyandu//assets/js/plugins/morris/morris-data.js"&gt;&lt;/script&gt;
    &lt;/body&gt;
&lt;/html&gt;&lt;div id="page-wrapper"&gt;
    &lt;div class="container-fluid"&gt;
        &lt;div class="row"&gt;
            &lt;h1 class="page-header"&gt;Detail Bayi&lt;/h1&gt;
            &lt;div class="panel-body"&gt;
                &lt;div class="row"&gt;
                    &lt;div class="panel panel-default"&gt;
                        &lt;div class="panel-heading"&gt;
                            &lt;strong&gt;Informasi Pribadi&lt;/strong&gt;
                        &lt;/div&gt;
                        &lt;div class="panel-body"&gt;
                            &lt;div class="col-lg-6"&gt;
                                &lt;h4&gt;&lt;strong&gt;ID Bayi&lt;/strong&gt;&lt;/h4&gt;
                                &lt;p&gt;&lt;/p&gt;
                            &lt;/div&gt;
                            &lt;div class="col-lg-6"&gt;
                                &lt;h4&gt;&lt;strong&gt;Nama Bayi&lt;/strong&gt;&lt;/h4&gt;
                                &lt;p&gt;&lt;/p&gt;
                            &lt;/div&gt;
                            &lt;div class="col-lg-6"&gt;
                                &lt;h4&gt;&lt;strong&gt;Nama Ibu&lt;/strong&gt;&lt;/h4&gt;
                                &lt;p&gt;&lt;/p&gt;
                            &lt;/div&gt;
                            &lt;div class="col-lg-6"&gt;
                                &lt;h4&gt;&lt;strong&gt;Nama Ayah&lt;/strong&gt;&lt;/h4&gt;
                                &lt;p&gt;&lt;/p&gt;
                            &lt;/div&gt;
                            &lt;div class="col-lg-3"&gt;
                                &lt;h4&gt;&lt;strong&gt;Tempat Lahir&lt;/strong&gt;&lt;/h4&gt;
                                &lt;p&gt;&lt;/p&gt;
                            &lt;/div&gt;
                            &lt;div class="col-lg-3"&gt;
                                &lt;h4&gt;&lt;strong&gt;Tanggal Lahir&lt;/strong&gt;&lt;/h4&gt;
                                &lt;p&gt;&lt;/p&gt;
                            &lt;/div&gt;
                            &lt;div class="col-lg-3"&gt;
                                &lt;h4&gt;&lt;strong&gt;Jenis Kelamin &lt;/strong&gt;&lt;/h4&gt;
                                &lt;p&gt;Laki-Laki&lt;/p&gt;
                            &lt;/div&gt;
                            &lt;div class="col-lg-3"&gt;
                                &lt;h4&gt;&lt;strong&gt;Anak Ke &lt;/strong&gt;&lt;/h4&gt;
                                &lt;p&gt;&lt;/p&gt;
                            &lt;/div&gt;
                            &lt;div class="col-lg-12"&gt;
                                &lt;h4&gt;&lt;strong&gt;Alamat Lengkap  &lt;/strong&gt;&lt;/h4&gt;
                                &lt;p&gt;&lt;/p&gt;
                            &lt;/div&gt;
                        &lt;/div&gt;
                    &lt;/div&gt;
                    &lt;div class="panel panel-default"&gt;
                        &lt;div class="panel-heading"&gt;
                            &lt;strong&gt;Informasi Kesehatan&lt;/strong&gt;
                        &lt;/div&gt;
                        &lt;div class="panel-body"&gt;
                            &lt;div class="col-lg-6"&gt;
                                &lt;h4&gt;&lt;strong&gt;Golongan Darah &lt;/strong&gt;&lt;/h4&gt;
                                &lt;p&gt;&lt;/p&gt;
                            &lt;/div&gt;
                            &lt;div class="col-lg-3"&gt;
                                &lt;h4&gt;&lt;strong&gt;Panjang Lahir &lt;/strong&gt;&lt;/h4&gt;
                                &lt;p&gt; cm&lt;/p&gt;
                            &lt;/div&gt;
                            &lt;div class="col-lg-3"&gt;
                                &lt;h4&gt;&lt;strong&gt;Berat Lahir &lt;/strong&gt;&lt;/h4&gt;
                                &lt;p&gt; kg&lt;/p&gt;
                            &lt;/div&gt;
                            &lt;div class="col-lg-6"&gt;
                                &lt;h4&gt;&lt;strong&gt;Panjang Sekarang &lt;/strong&gt;&lt;/h4&gt;
                                &lt;p&gt; cm&lt;/p&gt;
                            &lt;/div&gt;
                            &lt;div class="col-lg-6"&gt;
                                &lt;h4&gt;&lt;strong&gt;Berat Sekarang &lt;/strong&gt;&lt;/h4&gt;
                                &lt;p&gt; kg&lt;/p&gt;
                            &lt;/div&gt;
                        &lt;/div&gt;
                    &lt;/div&gt;
                &lt;/div&gt;
                &lt;p style="text-align: right;"&gt;
                    &lt;a href="http://localhost:8080/posyandu/index.php/Bayi" style="text-decoration: none;"&gt;&lt;button type="button" class="btn btn-primary"&gt;Kembali&lt;/button&gt;
                    &lt;a href="http://localhost:8080/posyandu/index.php/Bayi/edit/" style="text-decoration: none;"&gt;&lt;button type="button" class="btn btn-warning"&gt;Edit&lt;/button&gt;
                    &lt;a href="http://localhost:8080/posyandu/index.php/Bayi/delete/" style="text-decoration: none;"&gt;&lt;button type="button" class="btn btn-danger"&gt;Hapus&lt;/button&gt;
                &lt;/p&gt;
            &lt;/div&gt;
        &lt;/div&gt;
    &lt;/div&gt;
&lt;/div&gt;

&lt;/div&gt;
&lt;!-- /#wrapper --&gt;

&lt;!-- jQuery --&gt;
&lt;script src="../vendor/jquery/jquery.min.js"&gt;&lt;/script&gt;

&lt;!-- Bootstrap Core JavaScript --&gt;
&lt;script src="../vendor/bootstrap/js/bootstrap.min.js"&gt;&lt;/script&gt;

&lt;!-- Metis Menu Plugin JavaScript --&gt;
&lt;script src="../vendor/metisMenu/metisMenu.min.js"&gt;&lt;/script&gt;

&lt;!-- Custom Theme JavaScript --&gt;
&lt;script src="../dist/js/sb-admin-2.js"&gt;&lt;/script&gt;' contains "&lt;title&gt;Sistem  Posyandu&lt;/title&gt;".

C:\xampp\htdocs\posyandu\application\tests\controllers\Bayi_test.php:30
</failure>
      </testcase>
      <testcase name="test_delete_bayi" class="Bayi_test" file="C:\xampp\htdocs\posyandu\application\tests\controllers\Bayi_test.php" line="32" assertions="1" time="0.047297"/>
      <testcase name="test_delete_bayi_gagal" class="Bayi_test" file="C:\xampp\htdocs\posyandu\application\tests\controllers\Bayi_test.php" line="38" assertions="1" time="0.045278"/>
      <testcase name="test_edit_bayi" class="Bayi_test" file="C:\xampp\htdocs\posyandu\application\tests\controllers\Bayi_test.php" line="44" assertions="1" time="0.063481"/>
      <testcase name="test_add" class="Bayi_test" file="C:\xampp\htdocs\posyandu\application\tests\controllers\Bayi_test.php" line="51" assertions="1" time="0.041325"/>
      <testcase name="test_processAdd" class="Bayi_test" file="C:\xampp\htdocs\posyandu\application\tests\controllers\Bayi_test.php" line="58" assertions="1" time="0.157061"/>
      <testcase name="test_processAdd_jk" class="Bayi_test" file="C:\xampp\htdocs\posyandu\application\tests\controllers\Bayi_test.php" line="75" assertions="1" time="0.071202"/>
      <testcase name="test_processAdd_BelumTahu" class="Bayi_test" file="C:\xampp\htdocs\posyandu\application\tests\controllers\Bayi_test.php" line="92" assertions="1" time="0.077939"/>
      <testcase name="test_doUpdate" class="Bayi_test" file="C:\xampp\htdocs\posyandu\application\tests\controllers\Bayi_test.php" line="110" assertions="1" time="0.044241"/>
    </testsuite>
    <testsuite name="Ibu_hamil_test" file="C:\xampp\htdocs\posyandu\application\tests\controllers\Ibu_hamil_test.php" fullPackage="Ibu.hamil" tests="1" assertions="1" failures="0" errors="0" time="0.042198">
      <testcase name="test_index_bayi" class="Ibu_hamil_test" file="C:\xampp\htdocs\posyandu\application\tests\controllers\Ibu_hamil_test.php" line="13" assertions="1" time="0.042198"/>
    </testsuite>
    <testsuite name="Login_test" file="C:\xampp\htdocs\posyandu\application\tests\controllers\Login_test.php" fullPackage="Login" tests="3" assertions="3" failures="0" errors="0" time="0.117158">
      <testcase name="test_login" class="Login_test" file="C:\xampp\htdocs\posyandu\application\tests\controllers\Login_test.php" line="12" assertions="1" time="0.042341"/>
      <testcase name="test_login_error" class="Login_test" file="C:\xampp\htdocs\posyandu\application\tests\controllers\Login_test.php" line="17" assertions="1" time="0.038838"/>
      <testcase name="test_index" class="Login_test" file="C:\xampp\htdocs\posyandu\application\tests\controllers\Login_test.php" line="22" assertions="1" time="0.035979"/>
    </testsuite>
    <testsuite name="Logout_test" file="C:\xampp\htdocs\posyandu\application\tests\controllers\Logout_test.php" fullPackage="Logout" tests="1" assertions="2" failures="1" errors="0" time="0.035510">
      <testcase name="test_index" class="Logout_test" file="C:\xampp\htdocs\posyandu\application\tests\controllers\Logout_test.php" line="12" assertions="2" time="0.035510">
        <failure type="PHPUnit_Framework_ExpectationFailedException">Logout_test::test_index
URL to redirect is not Redirect to http://localhost:8080/posyandu/index.php/Welcome but Redirect to http://localhost:8080/posyandu/Welcome.
Failed asserting that two strings are identical.
--- Expected
+++ Actual
@@ @@
-Redirect to http://localhost:8080/posyandu/index.php/Welcome
+Redirect to http://localhost:8080/posyandu/Welcome

C:\xampp\htdocs\posyandu\application\tests\_ci_phpunit_test\CIPHPUnitTestCase.php:427
C:\xampp\htdocs\posyandu\application\tests\controllers\Logout_test.php:15
</failure>
      </testcase>
    </testsuite>
  </testsuite>
</testsuites>
